1552162857980,68,22628,4,2.186,5.507,0.688,5,2.591,6,3.683,7,3.669,9,2.865,
1552162857984,4,22632,4,2.186,5.507,0.688,5,2.591,6,3.683,7,3.669,9,2.865,
1552162857984,0,22632,4,2.186,5.507,0.688,5,2.591,6,3.683,7,3.669,9,2.865,
1552162858008,24,22656,4,2.186,5.507,0.688,5,2.591,6,3.683,7,3.669,9,2.865,
1552162858024,16,22672,4,2.186,5.507,0.688,5,2.591,6,3.683,7,3.669,9,2.865,
1552162858028,4,22676,4,2.186,5.507,0.688,5,2.591,6,3.683,7,3.669,9,2.865,
1552162858036,8,22684,4,2.186,5.507,0.688,5,2.591,6,3.683,7,3.668,9,2.865,
1552162858056,20,22704,4,2.186,5.507,0.688,5,2.591,6,3.683,7,3.668,9,2.865,
1552162858056,0,22704,4,2.186,5.507,0.688,5,2.591,6,3.683,7,3.668,9,2.865,
1552162858072,16,22720,4,2.186,5.507,0.688,5,2.591,6,3.683,7,3.668,9,2.865,
1552162858152,80,22800,4,2.186,5.507,0.688,5,2.591,6,3.683,7,3.668,9,2.865,
1552162858172,20,22820,4,2.186,5.507,0.688,5,2.591,6,3.683,7,3.668,9,2.865,
1552162858179,7,22827,4,2.186,5.507,0.688,5,2.591,6,3.683,7,3.668,9,2.865,
1552162858211,32,22859,4,2.186,5.507,0.688,5,2.591,6,3.683,7,3.668,9,2.865,
1552162858211,0,22859,4,2.186,5.507,0.688,5,2.591,6,3.683,7,3.668,9,2.865,
1552162858227,16,22875,4,2.186,5.507,0.688,5,2.591,6,3.682,7,3.668,9,2.865,
1552162858287,60,22935,4,2.331,5.346,0.316,5,2.591,6,3.682,7,3.668,9,2.865,
1552162858343,56,22991,4,2.331,5.346,0.316,5,2.576,6,3.682,7,3.666,9,2.875,
1552162858395,52,23043,4,2.331,5.346,0.316,5,2.576,6,3.682,7,3.666,9,2.875,
1552162858440,45,23088,4,2.331,5.346,0.316,5,2.576,6,3.682,7,3.666,9,2.875,
1552162858443,3,23091,4,2.331,5.346,0.316,5,2.576,6,3.682,7,3.666,9,2.875,
1552162858452,9,23100,4,2.331,5.346,0.316,5,2.580,6,3.686,7,3.651,9,2.875,
1552162858523,71,23171,4,2.323,5.336,0.308,5,2.580,6,3.686,7,3.651,9,2.875,
1552162858547,24,23195,4,2.323,5.336,0.308,5,2.580,6,3.686,7,3.651,9,2.904,
1552162858599,52,23247,4,2.323,5.336,0.308,5,2.580,6,3.686,7,3.651,9,2.904,
1552162858615,16,23263,4,2.323,5.336,0.308,5,2.580,6,3.693,7,3.638,9,2.904,
1552162858615,0,23263,4,2.323,5.336,0.308,5,2.580,6,3.693,7,3.638,9,2.904,
1552162858659,44,23307,4,2.315,5.332,0.306,5,2.580,6,3.693,7,3.638,9,2.904,
1552162858715,56,23363,4,2.315,5.332,0.306,5,2.584,6,3.693,7,3.638,9,2.915,
1552162858739,24,23387,4,2.315,5.332,0.306,5,2.584,6,3.693,7,3.638,9,2.915,
1552162858759,20,23407,4,2.315,5.332,0.306,5,2.584,6,3.693,7,3.638,9,2.915,
1552162858843,84,23491,4,2.300,5.326,0.307,5,2.584,6,3.693,7,3.638,9,2.915,
1552162858843,0,23491,4,2.300,5.326,0.307,5,2.584,6,3.693,7,3.638,9,2.915,
1552162858902,59,23550,4,2.300,5.326,0.307,5,2.553,6,3.708,7,3.598,9,2.950,
1552162858934,32,23582,4,2.300,5.326,0.307,5,2.553,6,3.708,7,3.598,9,2.950,
1552162858947,13,23595,4,2.300,5.326,0.307,5,2.553,6,3.708,7,3.598,9,2.950,
1552162858994,47,23642,4,2.300,5.326,0.307,5,2.553,6,3.708,7,3.598,9,2.950,
1552162859003,9,23651,4,2.300,5.326,0.307,5,2.553,6,3.725,7,3.596,9,2.950,
1552162859003,0,23651,4,2.300,5.326,0.307,5,2.553,6,3.725,7,3.596,9,2.950,
1552162859034,31,23682,4,2.276,5.314,0.299,5,2.536,6,3.725,7,3.596,9,2.990,
1552162859090,56,23738,4,2.276,5.314,0.299,5,2.536,6,3.725,7,3.596,9,2.990,
1552162859110,20,23758,4,2.276,5.314,0.299,5,2.536,6,3.725,7,3.596,9,2.990,
1552162859114,4,23762,4,2.276,5.314,0.299,5,2.536,6,3.725,7,3.596,9,2.990,
1552162859130,16,23778,4,2.276,5.314,0.299,5,2.536,6,3.725,7,3.596,9,2.990,
1552162859130,0,23778,4,2.276,5.314,0.299,5,2.536,6,3.725,7,3.596,9,2.990,
1552162859138,8,23786,4,2.276,5.314,0.299,5,2.536,6,3.725,7,3.596,9,2.990,
1552162859142,4,23790,4,2.276,5.314,0.299,5,2.536,6,3.743,7,3.596,9,2.990,
1552162859158,16,23806,4,2.276,5.314,0.299,5,2.536,6,3.743,7,3.596,9,2.990,
1552162859174,16,23822,4,2.276,5.314,0.299,5,2.517,6,3.743,7,3.596,9,2.990,
1552162859265,91,23913,4,2.163,5.293,0.465,5,2.517,6,3.743,7,3.596,9,2.990,
1552162859265,0,23913,4,2.163,5.293,0.465,5,2.517,6,3.743,7,3.596,9,2.990,
1552162859281,16,23929,4,2.163,5.293,0.465,5,2.517,6,3.743,7,3.596,9,3.027,
1552162859289,8,23937,4,2.163,5.293,0.465,5,2.517,6,3.743,7,3.596,9,3.027,
1552162859329,40,23977,4,2.163,5.293,0.465,5,2.517,6,3.743,7,3.596,9,3.027,
1552162859341,12,23989,4,2.163,5.293,0.465,5,2.509,6,3.752,7,3.559,9,3.027,
1552162859409,68,24057,4,2.119,5.299,0.487,5,2.509,6,3.752,7,3.559,9,3.027,
1552162859409,0,24057,4,2.119,5.299,0.487,5,2.509,6,3.752,7,3.559,9,3.027,
1552162859413,4,24061,4,2.119,5.299,0.487,5,2.509,6,3.752,7,3.559,9,3.045,
1552162859429,16,24077,4,2.119,5.299,0.487,5,2.509,6,3.752,7,3.559,9,3.045,
1552162859492,63,24140,4,2.119,5.299,0.487,5,2.509,6,3.752,7,3.559,9,3.045,
1552162859505,13,24153,4,2.119,5.299,0.487,5,2.500,6,3.759,7,3.559,9,3.045,
1552162859597,92,24245,4,2.012,5.279,0.654,5,2.500,6,3.759,7,3.559,9,3.045,
1552162859597,0,24245,4,2.012,5.279,0.654,5,2.500,6,3.759,7,3.559,9,3.045,
1552162859613,16,24261,4,2.012,5.279,0.654,5,2.500,6,3.759,7,3.559,9,3.058,
1552162859644,31,24292,4,2.012,5.279,0.654,5,2.500,6,3.759,7,3.559,9,3.058,
1552162859660,16,24308,4,2.012,5.279,0.654,5,2.500,6,3.773,7,3.482,9,3.058,
1552162859741,81,24389,4,1.904,5.260,0.829,5,2.500,6,3.773,7,3.482,9,3.058,
1552162859772,31,24420,4,1.904,5.260,0.829,5,2.486,6,3.773,7,3.482,9,3.079,
1552162859772,0,24420,4,1.904,5.260,0.829,5,2.486,6,3.773,7,3.482,9,3.079,
1552162859820,48,24468,4,1.904,5.260,0.829,5,2.486,6,3.773,7,3.482,9,3.079,
1552162859833,13,24481,4,1.904,5.260,0.829,5,2.486,6,3.786,7,3.501,9,3.079,
1552162859940,107,24588,4,1.896,5.266,0.815,5,2.486,6,3.786,7,3.501,9,3.079,
1552162859960,20,24608,4,1.896,5.266,0.815,5,2.489,6,3.786,7,3.501,9,3.101,
1552162859992,32,24640,4,1.896,5.266,0.815,5,2.489,6,3.786,7,3.501,9,3.101,
1552162859992,0,24640,4,1.896,5.266,0.815,5,2.489,6,3.786,7,3.501,9,3.101,
1552162860012,20,24660,4,1.896,5.266,0.815,5,2.489,6,3.804,7,3.475,9,3.101,
1552162860084,72,24732,4,1.827,5.263,0.930,5,2.489,6,3.804,7,3.475,9,3.101,
1552162860100,16,24748,4,1.827,5.263,0.930,5,2.467,6,3.804,7,3.475,9,3.128,
1552162860108,8,24756,4,1.827,5.263,0.930,5,2.467,6,3.804,7,3.475,9,3.128,
1552162860160,52,24808,4,1.827,5.263,0.930,5,2.467,6,3.804,7,3.475,9,3.128,
1552162860160,0,24808,4,1.827,5.263,0.930,5,2.467,6,3.804,7,3.475,9,3.128,
1552162860176,16,24824,4,1.827,5.263,0.930,5,2.467,6,3.818,7,3.445,9,3.128,
1552162860251,75,24899,4,1.813,5.270,0.921,5,2.467,6,3.818,7,3.445,9,3.128,
1552162860259,8,24907,4,1.813,5.270,0.921,5,2.449,6,3.818,7,3.445,9,3.157,
1552162860291,32,24939,4,1.813,5.270,0.921,5,2.449,6,3.818,7,3.445,9,3.157,
1552162860295,4,24943,4,1.813,5.270,0.921,5,2.449,6,3.818,7,3.445,9,3.157,
1552162860295,0,24943,4,1.813,5.270,0.921,5,2.449,6,3.818,7,3.445,9,3.157,
1552162860299,4,24947,4,1.813,5.270,0.921,5,2.449,6,3.818,7,3.445,9,3.157,
1552162860307,8,24955,4,1.813,5.270,0.921,5,2.449,6,3.818,7,3.445,9,3.157,
1552162860316,9,24964,4,1.813,5.270,0.921,5,2.449,6,3.818,7,3.445,9,3.157,
1552162860343,27,24991,4,1.813,5.270,0.921,5,2.449,6,3.830,7,3.445,9,3.157,
1552162860359,16,25007,4,1.813,5.270,0.921,5,2.445,6,3.830,7,3.428,9,3.157,
1552162860359,0,25007,4,1.813,5.270,0.921,5,2.445,6,3.830,7,3.428,9,3.157,
1552162860420,61,25068,4,1.796,5.365,0.792,5,2.445,6,3.830,7,3.428,9,3.157,
1552162860427,7,25075,4,1.796,5.365,0.792,5,2.445,6,3.830,7,3.428,9,3.185,
1552162860456,29,25104,4,1.796,5.365,0.792,5,2.445,6,3.830,7,3.428,9,3.185,
1552162860495,39,25143,4,1.796,5.365,0.792,5,2.445,6,3.830,7,3.428,9,3.185,
1552162860511,16,25159,4,1.796,5.365,0.792,5,2.445,6,3.844,7,3.417,9,3.185,
1552162860511,0,25159,4,1.796,5.365,0.792,5,2.445,6,3.844,7,3.417,9,3.185,
1552162860587,76,25235,4,1.796,5.394,0.761,5,2.445,6,3.844,7,3.417,9,3.185,
1552162860599,12,25247,4,1.796,5.394,0.761,5,2.446,6,3.844,7,3.417,9,3.207,
1552162860643,44,25291,4,1.796,5.394,0.761,5,2.446,6,3.844,7,3.417,9,3.207,
1552162860668,25,25316,4,1.796,5.394,0.761,5,2.446,6,3.852,7,3.417,9,3.207,
1552162860755,87,25403,4,1.792,5.417,0.737,5,2.446,6,3.852,7,3.417,9,3.207,
1552162860755,0,25403,4,1.792,5.417,0.737,5,2.446,6,3.852,7,3.417,9,3.207,
1552162860791,36,25439,4,1.792,5.417,0.737,5,2.438,6,3.852,7,3.397,9,3.228,
1552162860815,24,25463,4,1.792,5.417,0.737,5,2.438,6,3.852,7,3.397,9,3.228,
1552162860827,12,25475,4,1.792,5.417,0.737,5,2.438,6,3.852,7,3.397,9,3.228,
1552162860923,96,25571,4,1.844,5.395,0.562,5,2.438,6,3.852,7,3.397,9,3.228,
1552162860943,20,25591,4,1.844,5.395,0.562,5,2.415,6,3.852,7,3.364,9,3.248,
1552162860943,0,25591,4,1.844,5.395,0.562,5,2.415,6,3.852,7,3.364,9,3.248,
1552162860971,28,25619,4,1.844,5.395,0.562,5,2.415,6,3.852,7,3.364,9,3.248,
1552162860998,27,25646,4,1.844,5.395,0.562,5,2.415,6,3.910,7,3.364,9,3.248,
1552162861098,100,25746,4,1.857,5.357,0.590,5,2.415,6,3.910,7,3.364,9,3.248,
1552162861115,17,25763,4,1.857,5.357,0.590,5,2.417,6,3.910,7,3.383,9,3.272,
1552162861126,11,25774,4,1.857,5.357,0.590,5,2.417,6,3.910,7,3.383,9,3.272,
1552162861126,0,25774,4,1.857,5.357,0.590,5,2.417,6,3.910,7,3.383,9,3.272,
1552162861139,13,25787,4,1.857,5.357,0.590,5,2.417,6,3.910,7,3.383,9,3.272,
1552162861178,39,25826,4,1.857,5.357,0.590,5,2.417,6,3.910,7,3.383,9,3.272,
1552162861259,81,25907,4,1.808,5.400,0.505,5,2.417,6,3.924,7,3.349,9,3.272,
1552162861278,19,25926,4,1.808,5.400,0.505,5,2.417,6,3.924,7,3.349,9,3.293,
1552162861294,16,25942,4,1.808,5.400,0.505,5,2.417,6,3.924,7,3.349,9,3.293,
1552162861294,0,25942,4,1.808,5.400,0.505,5,2.417,6,3.924,7,3.349,9,3.293,
1552162861298,4,25946,4,1.808,5.400,0.505,5,2.417,6,3.924,7,3.349,9,3.293,
1552162861330,32,25978,4,1.808,5.400,0.505,5,2.417,6,3.890,7,3.349,9,3.293,
1552162861434,104,26082,4,1.754,5.432,0.431,5,2.417,6,3.890,7,3.349,9,3.293,
1552162861450,16,26098,4,1.754,5.432,0.431,5,2.410,6,3.890,7,3.331,9,3.308,
1552162861458,8,26106,4,1.754,5.432,0.431,5,2.410,6,3.890,7,3.331,9,3.308,
1552162861458,0,26106,4,1.754,5.432,0.431,5,2.410,6,3.890,7,3.331,9,3.308,
1552162861494,36,26142,4,1.754,5.432,0.431,5,2.410,6,3.890,7,3.331,9,3.308,
1552162861506,12,26154,4,1.754,5.432,0.431,5,2.410,6,3.921,7,3.331,9,3.308,
1552162861514,8,26162,4,1.754,5.432,0.431,5,2.410,6,3.921,7,3.331,9,3.308,
1552162861522,8,26170,4,1.754,5.432,0.431,5,2.410,6,3.921,7,3.306,9,3.308,
1552162861526,4,26174,4,1.754,5.432,0.431,5,2.410,6,3.921,7,3.306,9,3.308,
1552162861526,0,26174,4,1.754,5.432,0.431,5,2.410,6,3.921,7,3.306,9,3.308,
1552162861534,8,26182,4,1.754,5.432,0.431,5,2.393,6,3.921,7,3.306,9,3.308,
1552162861602,68,26250,4,1.678,5.499,0.492,5,2.393,6,3.921,7,3.306,9,3.308,
1552162861618,16,26266,4,1.678,5.499,0.492,5,2.393,6,3.921,7,3.306,9,3.349,
1552162861650,32,26298,4,1.678,5.499,0.492,5,2.393,6,3.921,7,3.306,9,3.349,
1552162861666,16,26314,4,1.678,5.499,0.492,5,2.393,6,3.965,7,3.306,9,3.349,
1552162861666,0,26314,4,1.678,5.499,0.492,5,2.393,6,3.965,7,3.306,9,3.349,
1552162861774,108,26422,4,1.628,5.504,0.474,5,2.393,6,3.965,7,3.306,9,3.349,
1552162861786,12,26434,4,1.628,5.504,0.474,5,2.378,6,3.965,7,3.269,9,3.404,
1552162861802,16,26450,4,1.628,5.504,0.474,5,2.378,6,3.965,7,3.269,9,3.404,
1552162861813,11,26461,4,1.628,5.504,0.474,5,2.378,6,3.965,7,3.269,9,3.404,
1552162861877,64,26525,4,1.628,5.504,0.474,5,2.378,6,3.965,7,3.269,9,3.404,
1552162861877,0,26525,4,1.628,5.504,0.474,5,2.378,6,3.965,7,3.269,9,3.404,
1552162861941,64,26589,4,1.603,5.481,0.486,5,2.356,6,3.996,7,3.241,9,3.456,
1552162861957,16,26605,4,1.603,5.481,0.486,5,2.356,6,3.996,7,3.241,9,3.456,
1552162861997,40,26645,4,1.603,5.481,0.486,5,2.356,6,3.996,7,3.241,9,3.456,
1552162862049,52,26697,4,1.603,5.481,0.486,5,2.356,6,3.996,7,3.241,9,3.456,
1552162862109,60,26757,4,1.578,5.454,0.498,5,2.358,6,4.012,7,3.214,9,3.485,
1552162862109,0,26757,4,1.578,5.454,0.498,5,2.358,6,4.012,7,3.214,9,3.485,
1552162862129,20,26777,4,1.578,5.454,0.498,5,2.358,6,4.012,7,3.214,9,3.485,
1552162862145,16,26793,4,1.578,5.454,0.498,5,2.358,6,4.012,7,3.214,9,3.485,
1552162862201,56,26849,4,1.578,5.454,0.498,5,2.358,6,4.012,7,3.214,9,3.485,
1552162862217,16,26865,4,1.578,5.454,0.498,5,2.355,6,4.032,7,3.194,9,3.485,
1552162862278,61,26926,4,1.536,5.451,0.503,5,2.355,6,4.032,7,3.194,9,3.485,
1552162862282,4,26930,4,1.536,5.451,0.503,5,2.355,6,4.032,7,3.194,9,3.485,
1552162862286,4,26934,4,1.536,5.451,0.503,5,2.355,6,4.032,7,3.194,9,3.518,
1552162862310,24,26958,4,1.536,5.451,0.503,5,2.355,6,4.032,7,3.194,9,3.518,
1552162862362,52,27010,4,1.536,5.451,0.503,5,2.355,6,4.032,7,3.194,9,3.518,
1552162862382,20,27030,4,1.536,5.451,0.503,5,2.355,6,4.048,7,3.169,9,3.518,
1552162862442,60,27090,4,1.536,5.451,0.503,5,2.344,6,4.048,7,3.169,9,3.518,
1552162862442,0,27090,4,1.536,5.451,0.503,5,2.344,6,4.048,7,3.169,9,3.518,
1552162862446,4,27094,4,1.504,5.438,0.503,5,2.344,6,4.048,7,3.169,9,3.547,
1552162862458,12,27106,4,1.504,5.438,0.503,5,2.344,6,4.048,7,3.169,9,3.547,
1552162862542,84,27190,4,1.504,5.438,0.503,5,2.344,6,4.048,7,3.169,9,3.547,
1552162862646,104,27294,4,1.480,5.425,0.506,5,2.338,6,4.060,7,3.151,9,3.547,
1552162862650,4,27298,4,1.480,5.425,0.506,5,2.338,6,4.060,7,3.151,9,3.547,
1552162862654,4,27302,4,1.480,5.425,0.506,5,2.338,6,4.060,7,3.151,9,3.547,
1552162862670,16,27318,4,1.480,5.425,0.506,5,2.338,6,4.060,7,3.151,9,3.573,
1552162862674,4,27322,4,1.480,5.425,0.506,5,2.338,6,4.060,7,3.151,9,3.573,
1552162862682,8,27330,4,1.480,5.425,0.506,5,2.338,6,4.060,7,3.151,9,3.573,
1552162862690,8,27338,4,1.480,5.425,0.506,5,2.338,6,4.060,7,3.151,9,3.573,
1552162862706,16,27354,4,1.480,5.425,0.506,5,2.338,6,4.080,7,3.151,9,3.573,
1552162862706,0,27354,4,1.480,5.425,0.506,5,2.338,6,4.080,7,3.151,9,3.573,
1552162862722,16,27370,4,1.480,5.425,0.506,5,2.338,6,4.080,7,3.136,9,3.573,
1552162862794,72,27442,4,1.455,5.416,0.508,5,2.338,6,4.080,7,3.136,9,3.573,
1552162862814,20,27462,4,1.455,5.416,0.508,5,2.329,6,4.080,7,3.136,9,3.600,
1552162862862,48,27510,4,1.455,5.416,0.508,5,2.329,6,4.080,7,3.136,9,3.600,
1552162862906,44,27554,4,1.455,5.416,0.508,5,2.320,6,4.110,7,3.114,9,3.600,
1552162862906,0,27554,4,1.455,5.416,0.508,5,2.320,6,4.110,7,3.114,9,3.600,
1552162862966,60,27614,4,1.428,5.408,0.510,5,2.320,6,4.110,7,3.114,9,3.600,
1552162862981,15,27629,4,1.428,5.408,0.510,5,2.320,6,4.110,7,3.114,9,3.640,
1552162863054,73,27702,4,1.428,5.408,0.510,5,2.320,6,4.110,7,3.114,9,3.640,
1552162863069,15,27717,4,1.428,5.408,0.510,5,2.319,6,4.128,7,3.100,9,3.640,
1552162863134,65,27782,4,1.407,5.399,0.514,5,2.319,6,4.128,7,3.100,9,3.640,
1552162863134,0,27782,4,1.407,5.399,0.514,5,2.319,6,4.128,7,3.100,9,3.640,
1552162863150,16,27798,4,1.407,5.399,0.514,5,2.319,6,4.128,7,3.100,9,3.672,
1552162863209,59,27857,4,1.407,5.399,0.514,5,2.319,6,4.128,7,3.100,9,3.672,
1552162863227,18,27875,4,1.407,5.399,0.514,5,2.319,6,4.147,7,3.075,9,3.672,
1552162863307,80,27955,4,1.388,5.388,0.521,5,2.319,6,4.147,7,3.075,9,3.672,
1552162863326,19,27974,4,1.388,5.388,0.521,5,2.311,6,4.147,7,3.075,9,3.701,
1552162863326,0,27974,4,1.388,5.388,0.521,5,2.311,6,4.147,7,3.075,9,3.701,
1552162863363,37,28011,4,1.388,5.388,0.521,5,2.311,6,4.147,7,3.075,9,3.701,
1552162863382,19,28030,4,1.388,5.388,0.521,5,2.311,6,4.164,7,3.075,9,3.701,
1552162863398,16,28046,4,1.388,5.388,0.521,5,2.311,6,4.164,7,3.075,9,3.701,
1552162863402,4,28050,4,1.388,5.388,0.521,5,2.307,6,4.164,7,3.054,9,3.701,
1552162863470,68,28118,4,1.372,5.376,0.532,5,2.307,6,4.164,7,3.054,9,3.701,
1552162863470,0,28118,4,1.372,5.376,0.532,5,2.307,6,4.164,7,3.054,9,3.701,
1552162863494,24,28142,4,1.372,5.376,0.532,5,2.307,6,4.164,7,3.054,9,3.736,
1552162863510,16,28158,4,1.372,5.376,0.532,5,2.307,6,4.164,7,3.054,9,3.736,
1552162863534,24,28182,4,1.372,5.376,0.532,5,2.307,6,4.164,7,3.054,9,3.736,
1552162863550,16,28198,4,1.372,5.376,0.532,5,2.307,6,4.192,7,3.054,9,3.736,
1552162863639,89,28287,4,1.359,5.365,0.546,5,2.307,6,4.192,7,3.054,9,3.736,
1552162863639,0,28287,4,1.359,5.365,0.546,5,2.307,6,4.192,7,3.054,9,3.736,
1552162863654,15,28302,4,1.359,5.365,0.546,5,2.297,6,4.192,7,3.031,9,3.771,
1552162863698,44,28346,4,1.359,5.365,0.546,5,2.297,6,4.192,7,3.031,9,3.771,
1552162863738,40,28386,4,1.359,5.365,0.546,5,2.297,6,4.192,7,3.031,9,3.771,
1552162863742,4,28390,4,1.359,5.365,0.546,5,2.297,6,4.192,7,3.008,9,3.771,
1552162863750,8,28398,4,1.359,5.365,0.546,5,2.291,6,4.192,7,3.008,9,3.771,
1552162863750,0,28398,4,1.359,5.365,0.546,5,2.291,6,4.192,7,3.008,9,3.771,
1552162863754,4,28402,4,1.359,5.365,0.546,5,2.291,6,4.192,7,3.008,9,3.771,
1552162863762,8,28410,4,1.359,5.365,0.546,5,2.291,6,4.192,7,3.008,9,3.793,
1552162863854,92,28502,4,1.296,5.369,0.520,5,2.291,6,4.192,7,3.008,9,3.793,
1552162863870,16,28518,4,1.296,5.369,0.520,5,2.291,6,4.192,7,3.008,9,3.793,
1552162863894,24,28542,4,1.296,5.369,0.520,5,2.291,6,4.192,7,3.008,9,3.793,
1552162863894,0,28542,4,1.296,5.369,0.520,5,2.291,6,4.192,7,3.008,9,3.793,
1552162863910,16,28558,4,1.296,5.369,0.520,5,2.287,6,4.220,7,3.006,9,3.793,
1552162863994,84,28642,4,1.273,5.362,0.522,5,2.287,6,4.220,7,3.006,9,3.793,
1552162864009,15,28657,4,1.273,5.362,0.522,5,2.287,6,4.220,7,3.006,9,3.813,
1552162864070,61,28718,4,1.273,5.362,0.522,5,2.287,6,4.220,7,3.006,9,3.813,
1552162864086,16,28734,4,1.273,5.362,0.522,5,2.284,6,4.232,7,2.991,9,3.813,
1552162864086,0,28734,4,1.273,5.362,0.522,5,2.284,6,4.232,7,2.991,9,3.813,
1552162864149,63,28797,4,1.247,5.357,0.519,5,2.284,6,4.232,7,2.991,9,3.813,
1552162864174,25,28822,4,1.247,5.357,0.519,5,2.284,6,4.232,7,2.991,9,3.829,
1552162864225,51,28873,4,1.247,5.357,0.519,5,2.284,6,4.232,7,2.991,9,3.829,
1552162864245,20,28893,4,1.247,5.357,0.519,5,2.286,6,4.241,7,2.982,9,3.829,
1552162864317,72,28965,4,1.217,5.352,0.508,5,2.286,6,4.241,7,2.982,9,3.829,
1552162864317,0,28965,4,1.217,5.352,0.508,5,2.286,6,4.241,7,2.982,9,3.829,
1552162864333,16,28981,4,1.217,5.352,0.508,5,2.286,6,4.241,7,2.982,9,3.860,
1552162864401,68,29049,4,1.217,5.352,0.508,5,2.286,6,4.241,7,2.982,9,3.860,
1552162864409,8,29057,4,1.217,5.352,0.508,5,2.286,6,4.254,7,2.964,9,3.860,
1552162864421,12,29069,4,1.217,5.352,0.508,5,2.286,6,4.254,7,2.964,9,3.860,
1552162864493,72,29141,4,1.233,5.333,0.533,5,2.286,6,4.254,7,2.964,9,3.860,
1552162864493,0,29141,4,1.233,5.333,0.533,5,2.286,6,4.254,7,2.964,9,3.860,
1552162864501,8,29149,4,1.233,5.333,0.533,5,2.286,6,4.254,7,2.964,9,3.883,
1552162864513,12,29161,4,1.233,5.333,0.533,5,2.286,6,4.254,7,2.964,9,3.883,
1552162864573,60,29221,4,1.233,5.333,0.533,5,2.286,6,4.254,7,2.964,9,3.883,
1552162864585,12,29233,4,1.233,5.333,0.533,5,2.286,6,4.269,7,2.943,9,3.883,
1552162864657,72,29305,4,1.224,5.323,0.540,5,2.287,6,4.269,7,2.943,9,3.906,
1552162864657,0,29305,4,1.224,5.323,0.540,5,2.287,6,4.269,7,2.943,9,3.906,
1552162864681,24,29329,4,1.224,5.323,0.540,5,2.287,6,4.269,7,2.943,9,3.906,
1552162864693,12,29341,4,1.224,5.323,0.540,5,2.287,6,4.269,7,2.943,9,3.906,
1552162864752,59,29400,4,1.224,5.323,0.540,5,2.287,6,4.269,7,2.943,9,3.906,
1552162864832,80,29480,4,1.153,5.213,0.698,5,2.283,6,4.277,7,2.923,9,3.906,
1552162864844,12,29492,4,1.153,5.213,0.698,5,2.283,6,4.277,7,2.923,9,3.906,
1552162864844,0,29492,4,1.153,5.213,0.698,5,2.283,6,4.277,7,2.923,9,3.906,
1552162864848,4,29496,4,1.153,5.213,0.698,5,2.283,6,4.277,7,2.923,9,3.915,
1552162864853,5,29501,4,1.153,5.213,0.698,5,2.283,6,4.277,7,2.923,9,3.915,
1552162864872,19,29520,4,1.153,5.213,0.698,5,2.283,6,4.277,7,2.923,9,3.915,
1552162864880,8,29528,4,1.153,5.213,0.698,5,2.283,6,4.277,7,2.923,9,3.915,
1552162864884,4,29532,4,1.153,5.213,0.698,5,2.283,6,4.279,7,2.923,9,3.915,
1552162864884,0,29532,4,1.153,5.213,0.698,5,2.283,6,4.279,7,2.923,9,3.915,
1552162864989,105,29637,4,1.153,5.213,0.698,5,2.283,6,4.279,7,2.923,9,3.915,
1552162865004,15,29652,4,1.079,5.096,0.876,5,2.280,6,4.279,7,2.926,9,3.940,
1552162865013,9,29661,4,1.079,5.096,0.876,5,2.280,6,4.279,7,2.926,9,3.940,
1552162865024,11,29672,4,1.079,5.096,0.876,5,2.280,6,4.279,7,2.926,9,3.940,
1552162865080,56,29728,4,1.079,5.096,0.876,5,2.280,6,4.279,7,2.926,9,3.940,
1552162865080,0,29728,4,1.079,5.096,0.876,5,2.280,6,4.279,7,2.926,9,3.940,
1552162865092,12,29740,4,1.079,5.096,0.876,5,2.283,6,4.299,7,2.918,9,3.940,
1552162865160,68,29808,4,1.012,4.984,1.047,5,2.283,6,4.299,7,2.918,9,3.940,
1552162865176,16,29824,4,1.012,4.984,1.047,5,2.283,6,4.299,7,2.918,9,3.956,
1552162865246,70,29894,4,1.012,4.984,1.047,5,2.283,6,4.299,7,2.918,9,3.956,
1552162865330,84,29978,4,0.931,4.875,1.210,5,2.274,6,4.307,7,2.917,9,3.964,
1552162865330,0,29978,4,0.931,4.875,1.210,5,2.274,6,4.307,7,2.917,9,3.964,
1552162865338,8,29986,4,0.931,4.875,1.210,5,2.274,6,4.307,7,2.917,9,3.964,
1552162865382,44,30030,4,0.931,4.875,1.210,5,2.274,6,4.307,7,2.917,9,3.964,
1552162865386,4,30034,4,0.931,4.875,1.210,5,2.274,6,4.307,7,2.917,9,3.964,
1552162865426,40,30074,4,0.931,4.875,1.210,5,2.274,6,4.307,7,2.917,9,3.964,
1552162865438,12,30086,4,0.931,4.875,1.210,5,2.273,6,4.302,7,2.922,9,3.964,
1552162865438,0,30086,4,0.931,4.875,1.210,5,2.273,6,4.302,7,2.922,9,3.964,
1552162865501,63,30149,4,0.920,4.871,1.221,5,2.273,6,4.302,7,2.922,9,3.964,
1552162865517,16,30165,4,0.920,4.871,1.221,5,2.273,6,4.302,7,2.922,9,3.954,
1552162865553,36,30201,4,0.920,4.871,1.221,5,2.273,6,4.302,7,2.922,9,3.954,
1552162865609,56,30257,4,0.920,4.871,1.221,5,2.273,6,4.302,7,2.922,9,3.954,
1552162865669,60,30317,4,0.926,4.879,1.205,5,2.274,6,4.283,7,2.938,9,3.954,
1552162865669,0,30317,4,0.926,4.879,1.205,5,2.274,6,4.283,7,2.938,9,3.954,
1552162865677,8,30325,4,0.926,4.879,1.205,5,2.274,6,4.283,7,2.938,9,3.919,
1552162865697,20,30345,4,0.926,4.879,1.205,5,2.274,6,4.283,7,2.938,9,3.919,
1552162865753,56,30401,4,0.926,4.879,1.205,5,2.274,6,4.283,7,2.938,9,3.919,
1552162865765,12,30413,4,0.926,4.879,1.205,5,2.282,6,4.259,7,2.967,9,3.919,
1552162865837,72,30485,4,0.942,4.887,1.200,5,2.282,6,4.259,7,2.967,9,3.919,
1552162865837,0,30485,4,0.942,4.887,1.200,5,2.282,6,4.259,7,2.967,9,3.919,
1552162865853,16,30501,4,0.942,4.887,1.200,5,2.282,6,4.259,7,2.967,9,3.894,
1552162865893,40,30541,4,0.942,4.887,1.200,5,2.282,6,4.259,7,2.967,9,3.894,
1552162865901,8,30549,4,0.942,4.887,1.200,5,2.282,6,4.259,7,2.967,9,3.894,
1552162865909,8,30557,4,0.942,4.887,1.200,5,2.282,6,4.239,7,2.967,9,3.894,
1552162865917,8,30565,4,0.942,4.887,1.200,5,2.282,6,4.239,7,2.967,9,3.894,
1552162865917,0,30565,4,0.942,4.887,1.200,5,2.282,6,4.239,7,2.967,9,3.894,
1552162865921,4,30569,4,0.942,4.887,1.200,5,2.282,6,4.239,7,2.980,9,3.894,
1552162865933,12,30581,4,0.942,4.887,1.200,5,2.282,6,4.239,7,2.980,9,3.894,
1552162866009,76,30657,4,0.968,4.898,1.187,5,2.282,6,4.239,7,2.980,9,3.894,
1552162866029,20,30677,4,0.968,4.898,1.187,5,2.282,6,4.239,7,2.980,9,3.863,
1552162866081,52,30729,4,0.968,4.898,1.187,5,2.282,6,4.239,7,2.980,9,3.863,
1552162866081,0,30729,4,0.968,4.898,1.187,5,2.282,6,4.239,7,2.980,9,3.863,
1552162866093,12,30741,4,0.968,4.898,1.187,5,2.282,6,4.126,7,2.992,9,3.863,
1552162866173,80,30821,4,1.028,4.923,1.184,5,2.282,6,4.126,7,2.992,9,3.863,
1552162866196,23,30844,4,1.028,4.923,1.184,5,2.295,6,4.126,7,2.992,9,3.824,
1552162866252,56,30900,4,1.028,4.923,1.184,5,2.295,6,4.126,7,2.992,9,3.824,
1552162866268,16,30916,4,1.028,4.923,1.184,5,2.295,6,4.204,7,3.008,9,3.824,
1552162866268,0,30916,4,1.028,4.923,1.184,5,2.295,6,4.204,7,3.008,9,3.824,
1552162866348,80,30996,4,1.059,4.934,1.170,5,2.295,6,4.204,7,3.008,9,3.824,
1552162866360,12,31008,4,1.059,4.934,1.170,5,2.293,6,4.204,7,3.008,9,3.804,
1552162866376,16,31024,4,1.059,4.934,1.170,5,2.293,6,4.204,7,3.008,9,3.804,
1552162866409,33,31057,4,1.059,4.934,1.170,5,2.293,6,4.204,7,3.008,9,3.804,
1552162866424,15,31072,4,1.059,4.934,1.170,5,2.293,6,4.196,7,3.028,9,3.804,
1552162866424,0,31072,4,1.059,4.934,1.170,5,2.293,6,4.196,7,3.028,9,3.804,
1552162866512,88,31160,4,1.084,4.946,1.160,5,2.293,6,4.196,7,3.028,9,3.804,
1552162866528,16,31176,4,1.084,4.946,1.160,5,2.287,6,4.196,7,3.028,9,3.787,
1552162866576,48,31224,4,1.084,4.946,1.160,5,2.287,6,4.196,7,3.028,9,3.787,
1552162866592,16,31240,4,1.084,4.946,1.160,5,2.287,6,4.176,7,3.042,9,3.787,
1552162866684,92,31332,4,1.109,4.956,1.154,5,2.287,6,4.176,7,3.042,9,3.787,
1552162866684,0,31332,4,1.109,4.956,1.154,5,2.287,6,4.176,7,3.042,9,3.787,
1552162866696,12,31344,4,1.109,4.956,1.154,5,2.289,6,4.176,7,3.042,9,3.760,
1552162866708,12,31356,4,1.109,4.956,1.154,5,2.289,6,4.176,7,3.042,9,3.760,
1552162866720,12,31368,4,1.109,4.956,1.154,5,2.289,6,4.176,7,3.042,9,3.760,
1552162866732,12,31380,4,1.109,4.956,1.154,5,2.289,6,4.176,7,3.042,9,3.760,
1552162866752,20,31400,4,1.109,4.956,1.154,5,2.289,6,4.176,7,3.042,9,3.760,
1552162866752,0,31400,4,1.109,4.956,1.154,5,2.289,6,4.176,7,3.042,9,3.760,
1552162866848,96,31496,4,1.107,4.954,1.135,5,2.289,6,4.155,7,3.042,9,3.760,
1552162866880,32,31528,4,1.107,4.954,1.135,5,2.296,6,4.155,7,3.061,9,3.728,
1552162866900,20,31548,4,1.107,4.954,1.135,5,2.296,6,4.155,7,3.061,9,3.728,
1552162866916,16,31564,4,1.107,4.954,1.135,5,2.296,6,4.138,7,3.061,9,3.728,
1552162867020,104,31668,4,1.133,4.965,1.126,5,2.296,6,4.138,7,3.061,9,3.728,
1552162867020,0,31668,4,1.133,4.965,1.126,5,2.296,6,4.138,7,3.061,9,3.728,
1552162867032,12,31680,4,1.133,4.965,1.126,5,2.307,6,4.138,7,3.075,9,3.701,
1552162867040,8,31688,4,1.133,4.965,1.126,5,2.307,6,4.138,7,3.075,9,3.701,
1552162867048,8,31696,4,1.133,4.965,1.126,5,2.307,6,4.138,7,3.075,9,3.701,
1552162867056,8,31704,4,1.133,4.965,1.126,5,2.307,6,4.138,7,3.075,9,3.701,
1552162867059,3,31707,4,1.133,4.965,1.126,5,2.307,6,4.138,7,3.075,9,3.701,
1552162867059,0,31707,4,1.133,4.965,1.126,5,2.307,6,4.138,7,3.075,9,3.701,
1552162867079,20,31727,4,1.133,4.965,1.126,5,2.307,6,4.138,7,3.075,9,3.701,
1552162867127,48,31775,4,1.133,4.965,1.126,5,2.307,6,4.138,7,3.075,9,3.701,
1552162867187,60,31835,4,1.168,4.981,1.101,5,2.320,6,4.121,7,3.090,9,3.667,
1552162867211,24,31859,4,1.168,4.981,1.101,5,2.320,6,4.121,7,3.090,9,3.667,
1552162867248,37,31896,4,1.168,4.981,1.101,5,2.320,6,4.121,7,3.090,9,3.667,
1552162867248,0,31896,4,1.168,4.981,1.101,5,2.320,6,4.121,7,3.090,9,3.667,
1552162867351,103,31999,4,1.168,4.981,1.101,5,2.320,6,4.121,7,3.090,9,3.667,
1552162867411,60,32059,4,1.202,4.996,1.072,5,2.332,6,4.104,7,3.098,9,3.644,
1552162867415,4,32063,4,1.202,4.996,1.072,5,2.332,6,4.104,7,3.098,9,3.644,
1552162867423,8,32071,4,1.202,4.996,1.072,5,2.332,6,4.084,7,3.098,9,3.644,
1552162867523,100,32171,4,1.235,5.010,1.049,5,2.332,6,4.084,7,3.098,9,3.644,
1552162867523,0,32171,4,1.235,5.010,1.049,5,2.332,6,4.084,7,3.098,9,3.644,
1552162867539,16,32187,4,1.235,5.010,1.049,5,2.335,6,4.084,7,3.123,9,3.612,
1552162867583,44,32231,4,1.235,5.010,1.049,5,2.335,6,4.084,7,3.123,9,3.612,
1552162867595,12,32243,4,1.235,5.010,1.049,5,2.335,6,4.057,7,3.123,9,3.612,
1552162867691,96,32339,4,1.269,5.022,1.033,5,2.335,6,4.057,7,3.123,9,3.612,
1552162867707,16,32355,4,1.269,5.022,1.033,5,2.348,6,4.057,7,3.140,9,3.577,
1552162867707,0,32355,4,1.269,5.022,1.033,5,2.348,6,4.057,7,3.140,9,3.577,
1552162867746,39,32394,4,1.269,5.022,1.033,5,2.348,6,4.057,7,3.140,9,3.577,
1552162867758,12,32406,4,1.269,5.022,1.033,5,2.348,6,4.057,7,3.140,9,3.577,
1552162867767,9,32415,4,1.269,5.022,1.033,5,2.348,6,4.025,7,3.140,9,3.577,
1552162867862,95,32510,4,1.302,5.028,1.031,5,2.348,6,4.025,7,3.140,9,3.577,
1552162867887,25,32535,4,1.302,5.028,1.031,5,2.360,6,4.025,7,3.165,9,3.541,
1552162867887,0,32535,4,1.302,5.028,1.031,5,2.360,6,4.025,7,3.165,9,3.541,
1552162867891,4,32539,4,1.302,5.028,1.031,5,2.360,6,4.025,7,3.165,9,3.541,
1552162867910,19,32558,4,1.302,5.028,1.031,5,2.360,6,4.025,7,3.165,9,3.541,
1552162867923,13,32571,4,1.302,5.028,1.031,5,2.360,6,4.025,7,3.165,9,3.541,
1552162868030,107,32678,4,1.335,5.035,1.031,5,2.360,6,4.025,7,3.165,9,3.541,
1552162868054,24,32702,4,1.335,5.035,1.031,5,2.371,6,4.005,7,3.178,9,3.516,
1552162868054,0,32702,4,1.335,5.035,1.031,5,2.371,6,4.005,7,3.178,9,3.516,
1552162868070,16,32718,4,1.335,5.035,1.031,5,2.371,6,4.005,7,3.178,9,3.516,
1552162868074,4,32722,4,1.335,5.035,1.031,5,2.371,6,4.005,7,3.178,9,3.516,
1552162868082,8,32730,4,1.335,5.035,1.031,5,2.371,6,4.005,7,3.178,9,3.516,
1552162868086,4,32734,4,1.335,5.035,1.031,5,2.371,6,4.005,7,3.178,9,3.516,
1552162868106,20,32754,4,1.335,5.035,1.031,5,2.371,6,4.005,7,3.178,9,3.516,
1552162868106,0,32754,4,1.335,5.035,1.031,5,2.371,6,4.005,7,3.178,9,3.516,
1552162868122,16,32770,4,1.335,5.035,1.031,5,2.371,6,3.996,7,3.195,9,3.516,
1552162868202,80,32850,4,1.366,5.043,1.028,5,2.371,6,3.996,7,3.195,9,3.516,
1552162868242,40,32890,4,1.366,5.043,1.028,5,2.373,6,3.996,7,3.195,9,3.491,
1552162868250,8,32898,4,1.366,5.043,1.028,5,2.373,6,3.996,7,3.195,9,3.491,
1552162868290,40,32938,4,1.366,5.043,1.028,5,2.373,6,3.996,7,3.195,9,3.491,
1552162868290,0,32938,4,1.366,5.043,1.028,5,2.373,6,3.996,7,3.195,9,3.491,
1552162868302,12,32950,4,1.366,5.043,1.028,5,2.382,6,3.979,7,3.221,9,3.491,
1552162868370,68,33018,4,1.396,5.052,1.023,5,2.382,6,3.979,7,3.221,9,3.491,
1552162868390,20,33038,4,1.396,5.052,1.023,5,2.382,6,3.979,7,3.221,9,3.460,
1552162868398,8,33046,4,1.396,5.052,1.023,5,2.382,6,3.979,7,3.221,9,3.460,
1552162868458,60,33106,4,1.396,5.052,1.023,5,2.382,6,3.979,7,3.221,9,3.460,
1552162868458,0,33106,4,1.396,5.052,1.023,5,2.382,6,3.979,7,3.221,9,3.460,
1552162868473,15,33121,4,1.396,5.052,1.023,5,2.386,6,3.960,7,3.242,9,3.460,
1552162868557,84,33205,4,1.423,5.062,1.019,5,2.386,6,3.960,7,3.242,9,3.460,
1552162868573,16,33221,4,1.423,5.062,1.019,5,2.386,6,3.960,7,3.242,9,3.432,
1552162868629,56,33277,4,1.423,5.062,1.019,5,2.386,6,3.960,7,3.242,9,3.432,
1552162868705,76,33353,4,1.451,5.078,1.008,5,2.391,6,3.955,7,3.260,9,3.403,
1552162868705,0,33353,4,1.451,5.078,1.008,5,2.391,6,3.955,7,3.260,9,3.403,
1552162868709,4,33357,4,1.451,5.078,1.008,5,2.391,6,3.955,7,3.260,9,3.403,
1552162868785,76,33433,4,1.451,5.078,1.008,5,2.391,6,3.955,7,3.260,9,3.403,
1552162868797,12,33445,4,1.451,5.078,1.008,5,2.391,6,3.919,7,3.286,9,3.403,
1552162868877,80,33525,4,1.488,5.195,0.863,5,2.391,6,3.919,7,3.286,9,3.403,
1552162868917,40,33565,4,1.488,5.195,0.863,5,2.395,6,3.919,7,3.286,9,3.374,
1552162868917,0,33565,4,1.488,5.195,0.863,5,2.395,6,3.919,7,3.286,9,3.374,
1552162868925,8,33573,4,1.488,5.195,0.863,5,2.395,6,3.919,7,3.286,9,3.374,
1552162868945,20,33593,4,1.488,5.195,0.863,5,2.395,6,3.919,7,3.286,9,3.374,
1552162868957,12,33605,4,1.488,5.195,0.863,5,2.395,6,3.915,7,3.286,9,3.374,
1552162868973,16,33621,4,1.488,5.195,0.863,5,2.395,6,3.915,7,3.303,9,3.374,
1552162869053,80,33701,4,1.526,5.224,0.840,5,2.395,6,3.915,7,3.303,9,3.374,
1552162869053,0,33701,4,1.526,5.224,0.840,5,2.395,6,3.915,7,3.303,9,3.374,
1552162869065,12,33713,4,1.526,5.224,0.840,5,2.405,6,3.915,7,3.303,9,3.344,
1552162869129,64,33777,4,1.526,5.224,0.840,5,2.405,6,3.915,7,3.303,9,3.344,
1552162869141,12,33789,4,1.526,5.224,0.840,5,2.415,6,3.894,7,3.322,9,3.344,
1552162869217,76,33865,4,1.570,5.259,0.806,5,2.415,6,3.894,7,3.322,9,3.344,
1552162869229,12,33877,4,1.570,5.259,0.806,5,2.415,6,3.894,7,3.322,9,3.321,
1552162869229,0,33877,4,1.570,5.259,0.806,5,2.415,6,3.894,7,3.322,9,3.321,
1552162869238,9,33886,4,1.570,5.259,0.806,5,2.415,6,3.894,7,3.322,9,3.321,
1552162869242,4,33890,4,1.570,5.259,0.806,5,2.415,6,3.894,7,3.322,9,3.321,
1552162869247,5,33895,4,1.570,5.259,0.806,5,2.415,6,3.894,7,3.322,9,3.321,
1552162869274,27,33922,4,1.570,5.259,0.806,5,2.415,6,3.894,7,3.322,9,3.321,
1552162869283,9,33931,4,1.570,5.259,0.806,5,2.415,6,3.881,7,3.322,9,3.321,
1552162869283,0,33931,4,1.570,5.259,0.806,5,2.415,6,3.881,7,3.322,9,3.321,
1552162869310,27,33958,4,1.570,5.259,0.806,5,2.415,6,3.881,7,3.343,9,3.321,
1552162869406,96,34054,4,1.617,5.298,0.769,5,2.415,6,3.881,7,3.343,9,3.321,
1552162869418,12,34066,4,1.617,5.298,0.769,5,2.425,6,3.881,7,3.343,9,3.291,
1552162869434,16,34082,4,1.617,5.298,0.769,5,2.425,6,3.881,7,3.343,9,3.291,
1552162869490,56,34138,4,1.617,5.298,0.769,5,2.425,6,3.881,7,3.343,9,3.291,
1552162869490,0,34138,4,1.617,5.298,0.769,5,2.425,6,3.881,7,3.343,9,3.291,
1552162869554,64,34202,4,1.657,5.241,0.857,5,2.437,6,3.886,7,3.363,9,3.264,
1552162869566,12,34214,4,1.657,5.241,0.857,5,2.437,6,3.886,7,3.363,9,3.264,
1552162869598,32,34246,4,1.657,5.241,0.857,5,2.437,6,3.886,7,3.363,9,3.264,
1552162869639,41,34287,4,1.657,5.241,0.857,5,2.437,6,3.886,7,3.363,9,3.264,
1552162869654,15,34302,4,1.657,5.241,0.857,5,2.448,6,3.865,7,3.368,9,3.264,
1552162869654,0,34302,4,1.657,5.241,0.857,5,2.448,6,3.865,7,3.368,9,3.264,
1552162869738,84,34386,4,1.682,5.332,0.744,5,2.448,6,3.865,7,3.368,9,3.264,
1552162869774,36,34422,4,1.682,5.332,0.744,5,2.448,6,3.865,7,3.368,9,3.242,
1552162869834,60,34482,4,1.682,5.332,0.744,5,2.448,6,3.865,7,3.368,9,3.242,
1552162869906,72,34554,4,1.700,5.415,0.640,5,2.455,6,3.841,7,3.377,9,3.221,
1552162869930,24,34578,4,1.700,5.415,0.640,5,2.455,6,3.841,7,3.377,9,3.221,
1552162869930,0,34578,4,1.700,5.415,0.640,5,2.455,6,3.841,7,3.377,9,3.221,
1552162869946,16,34594,4,1.700,5.415,0.640,5,2.455,6,3.841,7,3.377,9,3.221,
1552162869957,11,34605,4,1.700,5.415,0.640,5,2.455,6,3.841,7,3.377,9,3.221,
1552162870005,48,34653,4,1.700,5.415,0.640,5,2.455,6,3.841,7,3.377,9,3.221,
1552162870085,80,34733,4,1.713,5.490,0.546,5,2.470,6,3.819,7,3.399,9,3.221,
1552162870090,5,34738,4,1.713,5.490,0.546,5,2.470,6,3.819,7,3.399,9,3.199,
1552162870090,0,34738,4,1.713,5.490,0.546,5,2.470,6,3.819,7,3.399,9,3.199,
1552162870101,11,34749,4,1.713,5.490,0.546,5,2.470,6,3.819,7,3.399,9,3.199,
1552162870117,16,34765,4,1.713,5.490,0.546,5,2.470,6,3.819,7,3.399,9,3.199,
1552162870239,122,34887,4,1.796,5.551,0.572,5,2.470,6,3.819,7,3.399,9,3.199,
1552162870270,31,34918,4,1.796,5.551,0.572,5,2.482,6,3.807,7,3.409,9,3.175,
1552162870278,8,34926,4,1.796,5.551,0.572,5,2.482,6,3.807,7,3.409,9,3.175,
1552162870278,0,34926,4,1.796,5.551,0.572,5,2.482,6,3.807,7,3.409,9,3.175,
1552162870303,25,34951,4,1.796,5.551,0.572,5,2.482,6,3.807,7,3.409,9,3.175,
1552162870306,3,34954,4,1.796,5.551,0.572,5,2.482,6,3.777,7,3.409,9,3.175,
1552162870311,5,34959,4,1.796,5.551,0.572,5,2.482,6,3.777,7,3.409,9,3.175,
1552162870439,128,35087,4,1.821,5.556,0.574,5,2.482,6,3.777,7,3.409,9,3.175,
1552162870454,15,35102,4,1.821,5.556,0.574,5,2.493,6,3.777,7,3.435,9,3.147,
1552162870454,0,35102,4,1.821,5.556,0.574,5,2.493,6,3.777,7,3.435,9,3.147,
1552162870463,9,35111,4,1.821,5.556,0.574,5,2.493,6,3.777,7,3.435,9,3.147,
1552162870470,7,35118,4,1.821,5.556,0.574,5,2.493,6,3.777,7,3.435,9,3.147,
1552162870522,52,35170,4,1.821,5.556,0.574,5,2.493,6,3.777,7,3.435,9,3.147,
1552162870578,56,35226,4,1.847,5.563,0.573,5,2.504,6,3.758,7,3.454,9,3.127,
1552162870602,24,35250,4,1.847,5.563,0.573,5,2.504,6,3.758,7,3.454,9,3.127,
1552162870602,0,35250,4,1.847,5.563,0.573,5,2.504,6,3.758,7,3.454,9,3.127,
1552162870618,16,35266,4,1.847,5.563,0.573,5,2.504,6,3.758,7,3.454,9,3.127,
1552162870678,60,35326,4,1.847,5.563,0.573,5,2.504,6,3.758,7,3.454,9,3.127,
1552162870746,68,35394,4,1.877,5.563,0.582,5,2.511,6,3.757,7,3.475,9,3.127,
1552162870754,8,35402,4,1.877,5.563,0.582,5,2.511,6,3.757,7,3.475,9,3.127,
1552162870774,20,35422,4,1.877,5.563,0.582,5,2.511,6,3.757,7,3.475,9,3.109,
1552162870774,0,35422,4,1.877,5.563,0.582,5,2.511,6,3.757,7,3.475,9,3.109,
1552162870834,60,35482,4,1.877,5.563,0.582,5,2.511,6,3.757,7,3.475,9,3.109,
1552162870850,16,35498,4,1.877,5.563,0.582,5,2.518,6,3.746,7,3.484,9,3.109,
1552162870918,68,35566,4,1.836,5.570,0.485,5,2.518,6,3.746,7,3.484,9,3.109,
1552162870954,36,35602,4,1.836,5.570,0.485,5,2.518,6,3.746,7,3.484,9,3.082,
1552162871002,48,35650,4,1.836,5.570,0.485,5,2.518,6,3.746,7,3.484,9,3.082,
1552162871002,0,35650,4,1.836,5.570,0.485,5,2.518,6,3.746,7,3.484,9,3.082,
1552162871013,11,35661,4,1.836,5.570,0.485,5,2.530,6,3.737,7,3.508,9,3.082,
1552162871025,12,35673,4,1.836,5.570,0.485,5,2.530,6,3.737,7,3.508,9,3.082,
1552162871085,60,35733,4,1.860,5.576,0.487,5,2.530,6,3.737,7,3.508,9,3.082,
1552162871098,13,35746,4,1.860,5.576,0.487,5,2.530,6,3.737,7,3.508,9,3.062,
1552162871129,31,35777,4,1.860,5.576,0.487,5,2.530,6,3.737,7,3.508,9,3.062,
1552162871129,0,35777,4,1.860,5.576,0.487,5,2.530,6,3.737,7,3.508,9,3.062,
1552162871185,56,35833,4,1.860,5.576,0.487,5,2.530,6,3.737,7,3.508,9,3.062,
1552162871255,70,35903,4,1.884,5.581,0.492,5,2.540,6,3.726,7,3.521,9,3.038,
1552162871287,32,35935,4,1.884,5.581,0.492,5,2.540,6,3.726,7,3.521,9,3.038,
1552162871303,16,35951,4,1.884,5.581,0.492,5,2.540,6,3.726,7,3.521,9,3.038,
1552162871355,52,36003,4,1.884,5.581,0.492,5,2.540,6,3.726,7,3.521,9,3.038,
1552162871355,0,36003,4,1.884,5.581,0.492,5,2.540,6,3.726,7,3.521,9,3.038,
1552162871359,4,36007,4,1.884,5.581,0.492,5,2.547,6,3.722,7,3.539,9,3.038,
1552162871363,4,36011,4,1.884,5.581,0.492,5,2.547,6,3.722,7,3.539,9,3.038,
1552162871427,64,36075,4,1.902,5.593,0.489,5,2.547,6,3.722,7,3.539,9,3.038,
1552162871435,8,36083,4,1.902,5.593,0.489,5,2.547,6,3.722,7,3.539,9,3.014,
1552162871443,8,36091,4,1.902,5.593,0.489,5,2.547,6,3.722,7,3.539,9,3.014,
1552162871443,0,36091,4,1.902,5.593,0.489,5,2.547,6,3.722,7,3.539,9,3.014,
1552162871451,8,36099,4,1.902,5.593,0.489,5,2.547,6,3.722,7,3.539,9,3.014,
1552162871518,67,36166,4,1.902,5.593,0.489,5,2.547,6,3.722,7,3.539,9,3.014,
1552162871594,76,36242,4,1.921,5.607,0.482,5,2.561,6,3.701,7,3.562,9,2.993,
1552162871603,9,36251,4,1.921,5.607,0.482,5,2.561,6,3.701,7,3.562,9,2.993,
1552162871615,12,36263,4,1.921,5.607,0.482,5,2.561,6,3.701,7,3.562,9,2.993,
1552162871615,0,36263,4,1.921,5.607,0.482,5,2.561,6,3.701,7,3.562,9,2.993,
1552162871623,8,36271,4,1.921,5.607,0.482,5,2.561,6,3.701,7,3.562,9,2.993,
1552162871674,51,36322,4,1.921,5.607,0.482,5,2.561,6,3.701,7,3.562,9,2.993,
1552162871690,16,36338,4,1.921,5.607,0.482,5,2.570,6,3.694,7,3.580,9,2.993,
1552162871759,69,36407,4,1.946,5.615,0.485,5,2.570,6,3.694,7,3.580,9,2.993,
1552162871775,16,36423,4,1.946,5.615,0.485,5,2.570,6,3.694,7,3.580,9,2.966,
1552162871775,0,36423,4,1.946,5.615,0.485,5,2.570,6,3.694,7,3.580,9,2.966,
1552162871835,60,36483,4,1.946,5.615,0.485,5,2.570,6,3.694,7,3.580,9,2.966,
1552162871847,12,36495,4,1.946,5.615,0.485,5,2.570,6,3.681,7,3.601,9,2.966,
1552162871935,88,36583,4,1.970,5.623,0.486,5,2.570,6,3.681,7,3.601,9,2.966,
1552162871947,12,36595,4,1.970,5.623,0.486,5,2.586,6,3.681,7,3.601,9,2.946,
1552162872008,61,36656,4,1.970,5.623,0.486,5,2.586,6,3.681,7,3.601,9,2.946,
1552162872008,0,36656,4,1.970,5.623,0.486,5,2.586,6,3.681,7,3.601,9,2.946,
1552162872020,12,36668,4,1.970,5.623,0.486,5,2.586,6,3.665,7,3.622,9,2.946,
1552162872099,79,36747,4,1.995,5.632,0.487,5,2.586,6,3.665,7,3.622,9,2.946,
1552162872111,12,36759,4,1.995,5.632,0.487,5,2.595,6,3.665,7,3.622,9,2.919,
1552162872123,12,36771,4,1.995,5.632,0.487,5,2.595,6,3.665,7,3.622,9,2.919,
1552162872159,36,36807,4,1.995,5.632,0.487,5,2.595,6,3.665,7,3.622,9,2.919,
1552162872159,0,36807,4,1.995,5.632,0.487,5,2.595,6,3.665,7,3.622,9,2.919,
1552162872175,16,36823,4,1.995,5.632,0.487,5,2.595,6,3.650,7,3.622,9,2.919,
1552162872271,96,36919,4,2.022,5.641,0.488,5,2.595,6,3.650,7,3.622,9,2.919,
1552162872275,4,36923,4,2.022,5.641,0.488,5,2.613,6,3.650,7,3.649,9,2.891,
1552162872295,20,36943,4,2.022,5.641,0.488,5,2.613,6,3.650,7,3.649,9,2.891,
1552162872331,36,36979,4,2.022,5.641,0.488,5,2.613,6,3.650,7,3.649,9,2.891,
1552162872331,0,36979,4,2.022,5.641,0.488,5,2.613,6,3.650,7,3.649,9,2.891,
1552162872347,16,36995,4,2.022,5.641,0.488,5,2.613,6,3.643,7,3.665,9,2.891,
1552162872379,32,37027,4,2.022,5.641,0.488,5,2.613,6,3.643,7,3.665,9,2.891,
1552162872435,56,37083,4,2.048,5.649,0.489,5,2.623,6,3.643,7,3.665,9,2.891,
1552162872455,20,37103,4,2.048,5.649,0.489,5,2.623,6,3.643,7,3.665,9,2.868,
1552162872463,8,37111,4,2.048,5.649,0.489,5,2.623,6,3.643,7,3.665,9,2.868,
1552162872463,0,37111,4,2.048,5.649,0.489,5,2.623,6,3.643,7,3.665,9,2.868,
1552162872471,8,37119,4,2.048,5.649,0.489,5,2.623,6,3.643,7,3.665,9,2.868,
1552162872475,4,37123,4,2.048,5.649,0.489,5,2.623,6,3.643,7,3.665,9,2.868,
1552162872487,12,37135,4,2.048,5.649,0.489,5,2.623,6,3.643,7,3.665,9,2.868,
1552162872503,16,37151,4,2.048,5.649,0.489,5,2.623,6,3.635,7,3.665,9,2.868,
1552162872607,104,37255,4,2.069,5.657,0.489,5,2.623,6,3.635,7,3.665,9,2.868,
1552162872607,0,37255,4,2.069,5.657,0.489,5,2.623,6,3.635,7,3.665,9,2.868,
1552162872626,19,37274,4,2.069,5.657,0.489,5,2.630,6,3.635,7,3.668,9,2.864,
1552162872639,13,37287,4,2.069,5.657,0.489,5,2.630,6,3.635,7,3.668,9,2.864,
1552162872658,19,37306,4,2.069,5.657,0.489,5,2.630,6,3.635,7,3.668,9,2.864,
1552162872666,8,37314,4,2.069,5.657,0.489,5,2.630,6,3.635,7,3.668,9,2.864,
1552162872771,105,37419,4,2.080,5.663,0.488,5,2.630,6,3.640,7,3.668,9,2.864,
1552162872771,0,37419,4,2.080,5.663,0.488,5,2.630,6,3.640,7,3.668,9,2.864,
1552162872786,15,37434,4,2.080,5.663,0.488,5,2.623,6,3.640,7,3.661,9,2.871,
1552162872814,28,37462,4,2.080,5.663,0.488,5,2.623,6,3.640,7,3.661,9,2.871,
1552162872831,17,37479,4,2.080,5.663,0.488,5,2.623,6,3.640,7,3.661,9,2.871,
1552162872942,111,37590,4,2.077,5.665,0.487,5,2.623,6,3.640,7,3.661,9,2.871,
1552162872958,16,37606,4,2.077,5.665,0.487,5,2.609,6,3.646,7,3.642,9,2.894,
1552162872958,0,37606,4,2.077,5.665,0.487,5,2.609,6,3.646,7,3.642,9,2.894,
1552162872986,28,37634,4,2.077,5.665,0.487,5,2.609,6,3.646,7,3.642,9,2.894,
1552162873002,16,37650,4,2.077,5.665,0.487,5,2.609,6,3.646,7,3.642,9,2.894,
1552162873110,108,37758,4,2.063,5.662,0.486,5,2.609,6,3.646,7,3.642,9,2.894,
1552162873134,24,37782,4,2.063,5.662,0.486,5,2.593,6,3.669,7,3.621,9,2.919,
1552162873142,8,37790,4,2.063,5.662,0.486,5,2.593,6,3.669,7,3.621,9,2.919,
1552162873142,0,37790,4,2.063,5.662,0.486,5,2.593,6,3.669,7,3.621,9,2.919,
1552162873158,16,37806,4,2.063,5.662,0.486,5,2.593,6,3.669,7,3.621,9,2.919,
1552162873214,56,37862,4,2.063,5.662,0.486,5,2.593,6,3.669,7,3.621,9,2.919,
1552162873278,64,37926,4,2.063,5.662,0.486,5,2.581,6,3.688,7,3.605,9,2.919,
1552162873298,20,37946,4,2.043,5.656,0.487,5,2.581,6,3.688,7,3.605,9,2.938,
1552162873318,20,37966,4,2.043,5.656,0.487,5,2.581,6,3.688,7,3.605,9,2.938,
1552162873318,0,37966,4,2.043,5.656,0.487,5,2.581,6,3.688,7,3.605,9,2.938,
1552162873326,8,37974,4,2.043,5.656,0.487,5,2.581,6,3.688,7,3.605,9,2.938,
1552162873350,24,37998,4,2.043,5.656,0.487,5,2.581,6,3.699,7,3.605,9,2.938,
1552162873453,103,38101,4,2.020,5.648,0.489,5,2.581,6,3.699,7,3.605,9,2.938,
1552162873473,20,38121,4,2.020,5.648,0.489,5,2.566,6,3.699,7,3.588,9,2.959,
1552162873477,4,38125,4,2.020,5.648,0.489,5,2.566,6,3.699,7,3.588,9,2.959,
1552162873477,0,38125,4,2.020,5.648,0.489,5,2.566,6,3.699,7,3.588,9,2.959,
1552162873517,40,38165,4,2.020,5.648,0.489,5,2.566,6,3.699,7,3.588,9,2.959,
1552162873530,13,38178,4,2.020,5.648,0.489,5,2.566,6,3.712,7,3.574,9,2.959,
1552162873537,7,38185,4,2.020,5.648,0.489,5,2.566,6,3.712,7,3.574,9,2.959,
1552162873541,4,38189,4,2.020,5.648,0.489,5,2.566,6,3.712,7,3.574,9,2.959,
1552162873545,4,38193,4,2.020,5.648,0.489,5,2.566,6,3.712,7,3.574,9,2.959,
1552162873545,0,38193,4,2.020,5.648,0.489,5,2.566,6,3.712,7,3.574,9,2.959,
1552162873617,72,38265,4,1.997,5.641,0.489,5,2.551,6,3.712,7,3.574,9,2.959,
1552162873633,16,38281,4,1.997,5.641,0.489,5,2.551,6,3.712,7,3.574,9,2.986,
1552162873685,52,38333,4,1.997,5.641,0.489,5,2.551,6,3.712,7,3.574,9,2.986,
1552162873697,12,38345,4,1.997,5.641,0.489,5,2.551,6,3.723,7,3.557,9,2.986,
1552162873793,96,38441,4,1.974,5.636,0.488,5,2.551,6,3.723,7,3.557,9,2.986,
1552162873793,0,38441,4,1.974,5.636,0.488,5,2.551,6,3.723,7,3.557,9,2.986,
1552162873805,12,38453,4,1.974,5.636,0.488,5,2.540,6,3.723,7,3.557,9,3.009,
1552162873813,8,38461,4,1.974,5.636,0.488,5,2.540,6,3.723,7,3.557,9,3.009,
1552162873826,13,38474,4,1.974,5.636,0.488,5,2.540,6,3.723,7,3.557,9,3.009,
1552162873841,15,38489,4,1.974,5.636,0.488,5,2.540,6,3.723,7,3.557,9,3.009,
1552162873957,116,38605,4,1.950,5.631,0.486,5,2.540,6,3.723,7,3.557,9,3.009,
1552162873957,0,38605,4,1.950,5.631,0.486,5,2.540,6,3.723,7,3.557,9,3.009,
1552162873993,36,38641,4,1.950,5.631,0.486,5,2.528,6,3.737,7,3.542,9,3.031,
1552162874025,32,38673,4,1.950,5.631,0.486,5,2.528,6,3.737,7,3.542,9,3.031,
1552162874041,16,38689,4,1.950,5.631,0.486,5,2.528,6,3.751,7,3.517,9,3.031,
1552162874125,84,38773,4,1.924,5.624,0.484,5,2.528,6,3.751,7,3.517,9,3.031,
1552162874141,16,38789,4,1.924,5.624,0.484,5,2.516,6,3.751,7,3.517,9,3.063,
1552162874141,0,38789,4,1.924,5.624,0.484,5,2.516,6,3.751,7,3.517,9,3.063,
1552162874172,31,38820,4,1.924,5.624,0.484,5,2.516,6,3.751,7,3.517,9,3.063,
1552162874189,17,38837,4,1.924,5.624,0.484,5,2.516,6,3.757,7,3.517,9,3.063,
1552162874290,101,38938,4,1.898,5.618,0.481,5,2.516,6,3.757,7,3.517,9,3.063,
1552162874318,28,38966,4,1.898,5.618,0.481,5,2.499,6,3.757,7,3.504,9,3.092,
1552162874334,16,38982,4,1.898,5.618,0.481,5,2.499,6,3.757,7,3.504,9,3.092,
1552162874334,0,38982,4,1.898,5.618,0.481,5,2.499,6,3.757,7,3.504,9,3.092,
1552162874346,12,38994,4,1.898,5.618,0.481,5,2.499,6,3.757,7,3.504,9,3.092,
1552162874358,12,39006,4,1.898,5.618,0.481,5,2.499,6,3.789,7,3.504,9,3.092,
1552162874370,12,39018,4,1.898,5.618,0.481,5,2.499,6,3.789,7,3.504,9,3.092,
1552162874466,96,39114,4,1.871,5.613,0.477,5,2.499,6,3.789,7,3.504,9,3.092,
1552162874470,4,39118,4,1.871,5.613,0.477,5,2.484,6,3.789,7,3.492,9,3.116,
1552162874470,0,39118,4,1.871,5.613,0.477,5,2.484,6,3.789,7,3.492,9,3.116,
1552162874490,20,39138,4,1.871,5.613,0.477,5,2.484,6,3.789,7,3.492,9,3.116,
1552162874502,12,39150,4,1.871,5.613,0.477,5,2.484,6,3.789,7,3.492,9,3.116,
1552162874514,12,39162,4,1.871,5.613,0.477,5,2.484,6,3.789,7,3.492,9,3.116,
1552162874633,119,39281,4,1.843,5.608,0.474,5,2.484,6,3.789,7,3.492,9,3.116,
1552162874653,20,39301,4,1.843,5.608,0.474,5,2.470,6,3.808,7,3.476,9,3.145,
1552162874653,0,39301,4,1.843,5.608,0.474,5,2.470,6,3.808,7,3.476,9,3.145,
1552162874669,16,39317,4,1.843,5.608,0.474,5,2.470,6,3.808,7,3.476,9,3.145,
1552162874674,5,39322,4,1.843,5.608,0.474,5,2.470,6,3.808,7,3.476,9,3.145,
1552162874686,12,39334,4,1.843,5.608,0.474,5,2.470,6,3.808,7,3.476,9,3.145,
1552162874693,7,39341,4,1.843,5.608,0.474,5,2.470,6,3.808,7,3.476,9,3.145,
1552162874698,5,39346,4,1.843,5.608,0.474,5,2.470,6,3.816,7,3.476,9,3.145,
1552162874698,0,39346,4,1.843,5.608,0.474,5,2.470,6,3.816,7,3.476,9,3.145,
1552162874737,39,39385,4,1.843,5.608,0.474,5,2.470,6,3.816,7,3.476,9,3.145,
1552162874801,64,39449,4,1.814,5.603,0.469,5,2.462,6,3.816,7,3.445,9,3.176,
1552162874817,16,39465,4,1.814,5.603,0.469,5,2.462,6,3.816,7,3.445,9,3.176,
1552162874829,12,39477,4,1.814,5.603,0.469,5,2.462,6,3.816,7,3.445,9,3.176,
1552162874849,20,39497,4,1.814,5.603,0.469,5,2.462,6,3.816,7,3.445,9,3.176,
1552162874849,0,39497,4,1.814,5.603,0.469,5,2.462,6,3.816,7,3.445,9,3.176,
1552162874909,60,39557,4,1.814,5.603,0.469,5,2.462,6,3.816,7,3.445,9,3.176,
1552162874969,60,39617,4,1.788,5.601,0.466,5,2.458,6,3.824,7,3.439,9,3.174,
1552162875021,52,39669,4,1.788,5.601,0.466,5,2.458,6,3.824,7,3.439,9,3.174,
1552162875033,12,39681,4,1.788,5.601,0.466,5,2.458,6,3.818,7,3.439,9,3.174,
1552162875137,104,39785,4,1.763,5.597,0.461,5,2.458,6,3.818,7,3.439,9,3.174,
1552162875137,0,39785,4,1.763,5.597,0.461,5,2.458,6,3.818,7,3.439,9,3.174,
1552162875153,16,39801,4,1.763,5.597,0.461,5,2.453,6,3.818,7,3.423,9,3.199,
1552162875177,24,39825,4,1.763,5.597,0.461,5,2.453,6,3.818,7,3.423,9,3.199,
1552162875193,16,39841,4,1.763,5.597,0.461,5,2.453,6,3.818,7,3.423,9,3.199,
1552162875306,113,39954,4,1.740,5.589,0.459,5,2.453,6,3.818,7,3.423,9,3.199,
1552162875346,40,39994,4,1.740,5.589,0.459,5,2.439,6,3.861,7,3.399,9,3.229,
1552162875346,0,39994,4,1.740,5.589,0.459,5,2.439,6,3.861,7,3.399,9,3.229,
1552162875359,13,40007,4,1.740,5.589,0.459,5,2.439,6,3.861,7,3.399,9,3.229,
1552162875374,15,40022,4,1.740,5.589,0.459,5,2.439,6,3.861,7,3.399,9,3.229,
1552162875386,12,40034,4,1.740,5.589,0.459,5,2.439,6,3.930,7,3.399,9,3.229,
1552162875398,12,40046,4,1.740,5.589,0.459,5,2.439,6,3.930,7,3.399,9,3.229,
1552162875474,76,40122,4,1.717,5.580,0.460,5,2.439,6,3.930,7,3.371,9,3.229,
1552162875474,0,40122,4,1.717,5.580,0.460,5,2.439,6,3.930,7,3.371,9,3.229,
1552162875490,16,40138,4,1.717,5.580,0.460,5,2.422,6,3.930,7,3.371,9,3.267,
1552162875506,16,40154,4,1.717,5.580,0.460,5,2.422,6,3.930,7,3.371,9,3.267,
1552162875518,12,40166,4,1.717,5.580,0.460,5,2.422,6,3.930,7,3.371,9,3.267,
1552162875534,16,40182,4,1.717,5.580,0.460,5,2.422,6,3.930,7,3.371,9,3.267,
1552162875654,120,40302,4,1.691,5.568,0.461,5,2.422,6,3.930,7,3.371,9,3.267,
1552162875654,0,40302,4,1.691,5.568,0.461,5,2.422,6,3.930,7,3.371,9,3.267,
1552162875665,11,40313,4,1.691,5.568,0.461,5,2.410,6,3.921,7,3.357,9,3.294,
1552162875690,25,40338,4,1.691,5.568,0.461,5,2.410,6,3.921,7,3.357,9,3.294,
1552162875702,12,40350,4,1.691,5.568,0.461,5,2.410,6,3.921,7,3.357,9,3.294,
1552162875729,27,40377,4,1.691,5.568,0.461,5,2.410,6,3.921,7,3.357,9,3.294,
1552162875733,4,40381,4,1.691,5.568,0.461,5,2.410,6,3.916,7,3.337,9,3.294,
1552162875733,0,40381,4,1.691,5.568,0.461,5,2.410,6,3.916,7,3.337,9,3.294,
1552162875738,5,40386,4,1.691,5.568,0.461,5,2.410,6,3.916,7,3.337,9,3.294,
1552162875813,75,40461,4,1.664,5.556,0.463,5,2.410,6,3.916,7,3.337,9,3.294,
1552162875841,28,40489,4,1.664,5.556,0.463,5,2.400,6,3.916,7,3.337,9,3.319,
1552162875850,9,40498,4,1.664,5.556,0.463,5,2.400,6,3.916,7,3.337,9,3.319,
1552162875993,143,40641,4,1.664,5.556,0.463,5,2.400,6,3.916,7,3.337,9,3.319,
1552162875993,0,40641,4,1.664,5.556,0.463,5,2.400,6,3.916,7,3.337,9,3.319,
1552162876014,21,40662,4,1.638,5.546,0.462,5,2.402,6,3.915,7,3.320,9,3.334,
1552162876021,7,40669,4,1.638,5.546,0.462,5,2.402,6,3.915,7,3.320,9,3.334,
1552162876033,12,40681,4,1.638,5.546,0.462,5,2.402,6,3.915,7,3.320,9,3.334,
1552162876045,12,40693,4,1.638,5.546,0.462,5,2.402,6,3.926,7,3.320,9,3.334,
1552162876153,108,40801,4,1.614,5.538,0.460,5,2.402,6,3.926,7,3.320,9,3.334,
1552162876153,0,40801,4,1.614,5.538,0.460,5,2.402,6,3.926,7,3.320,9,3.334,
1552162876177,24,40825,4,1.614,5.538,0.460,5,2.395,6,3.926,7,3.299,9,3.357,
1552162876197,20,40845,4,1.614,5.538,0.460,5,2.395,6,3.926,7,3.299,9,3.357,
1552162876209,12,40857,4,1.614,5.538,0.460,5,2.395,6,3.926,7,3.299,9,3.357,
1552162876327,118,40975,4,1.590,5.531,0.458,5,2.395,6,3.926,7,3.299,9,3.357,
1552162876343,16,40991,4,1.590,5.531,0.458,5,2.381,6,3.942,7,3.286,9,3.385,
1552162876343,0,40991,4,1.590,5.531,0.458,5,2.381,6,3.942,7,3.286,9,3.385,
1552162876363,20,41011,4,1.590,5.531,0.458,5,2.381,6,3.942,7,3.286,9,3.385,
1552162876410,47,41058,4,1.590,5.531,0.458,5,2.381,6,3.942,7,3.286,9,3.385,
1552162876419,9,41067,4,1.590,5.531,0.458,5,2.372,6,3.980,7,3.266,9,3.385,
1552162876427,8,41075,4,1.590,5.531,0.458,5,2.372,6,3.980,7,3.266,9,3.385,
1552162876490,63,41138,4,1.566,5.523,0.456,5,2.372,6,3.980,7,3.266,9,3.385,
1552162876490,0,41138,4,1.566,5.523,0.456,5,2.372,6,3.980,7,3.266,9,3.385,
1552162876510,20,41158,4,1.566,5.523,0.456,5,2.372,6,3.980,7,3.266,9,3.413,
1552162876570,60,41218,4,1.566,5.523,0.456,5,2.372,6,3.980,7,3.266,9,3.413,
1552162876582,12,41230,4,1.566,5.523,0.456,5,2.372,6,3.999,7,3.245,9,3.413,
1552162876671,89,41319,4,1.566,5.523,0.456,5,2.372,6,3.999,7,3.245,9,3.413,
1552162876674,3,41322,4,1.540,5.514,0.456,5,2.366,6,3.999,7,3.245,9,3.439,
1552162876674,0,41322,4,1.540,5.514,0.456,5,2.366,6,3.999,7,3.245,9,3.439,
1552162876694,20,41342,4,1.540,5.514,0.456,5,2.366,6,3.999,7,3.245,9,3.439,
1552162876726,32,41374,4,1.540,5.514,0.456,5,2.366,6,3.999,7,3.245,9,3.439,
1552162876750,24,41398,4,1.540,5.514,0.456,5,2.366,6,4.005,7,3.222,9,3.439,
1552162876846,96,41494,4,1.513,5.505,0.456,5,2.366,6,4.005,7,3.222,9,3.439,
1552162876882,36,41530,4,1.513,5.505,0.456,5,2.356,6,4.005,7,3.222,9,3.466,
1552162876882,0,41530,4,1.513,5.505,0.456,5,2.356,6,4.005,7,3.222,9,3.466,
1552162876886,4,41534,4,1.513,5.505,0.456,5,2.356,6,4.005,7,3.222,9,3.466,
1552162876890,4,41538,4,1.513,5.505,0.456,5,2.356,6,4.005,7,3.222,9,3.466,
1552162876898,8,41546,4,1.513,5.505,0.456,5,2.356,6,4.005,7,3.222,9,3.466,
1552162876926,28,41574,4,1.513,5.505,0.456,5,2.356,6,4.005,7,3.222,9,3.466,
1552162876942,16,41590,4,1.513,5.505,0.456,5,2.350,6,4.007,7,3.201,9,3.466,
1552162876942,0,41590,4,1.513,5.505,0.456,5,2.350,6,4.007,7,3.201,9,3.466,
1552162877010,68,41658,4,1.481,5.497,0.451,5,2.350,6,4.007,7,3.201,9,3.466,
1552162877026,16,41674,4,1.481,5.497,0.451,5,2.350,6,4.007,7,3.201,9,3.502,
1552162877038,12,41686,4,1.481,5.497,0.451,5,2.350,6,4.007,7,3.201,9,3.502,
1552162877098,60,41746,4,1.481,5.497,0.451,5,2.350,6,4.007,7,3.201,9,3.502,
1552162877110,12,41758,4,1.481,5.497,0.451,5,2.340,6,4.046,7,3.177,9,3.502,
1552162877110,0,41758,4,1.481,5.497,0.451,5,2.340,6,4.046,7,3.177,9,3.502,
1552162877186,76,41834,4,1.451,5.485,0.450,5,2.340,6,4.046,7,3.177,9,3.502,
1552162877206,20,41854,4,1.451,5.485,0.450,5,2.340,6,4.046,7,3.177,9,3.545,
1552162877255,49,41903,4,1.451,5.485,0.450,5,2.340,6,4.046,7,3.177,9,3.545,
1552162877267,12,41915,4,1.451,5.485,0.450,5,2.340,6,4.055,7,3.177,9,3.545,
1552162877371,104,42019,4,1.404,5.369,0.600,5,2.340,6,4.055,7,3.177,9,3.545,
1552162877371,0,42019,4,1.404,5.369,0.600,5,2.340,6,4.055,7,3.177,9,3.545,
1552162877391,20,42039,4,1.404,5.369,0.600,5,2.337,6,4.055,7,3.177,9,3.565,
1552162877399,8,42047,4,1.404,5.369,0.600,5,2.337,6,4.055,7,3.177,9,3.565,
1552162877411,12,42059,4,1.404,5.369,0.600,5,2.337,6,4.055,7,3.177,9,3.565,
1552162877423,12,42071,4,1.404,5.369,0.600,5,2.337,6,4.072,7,3.177,9,3.565,
1552162877526,103,42174,4,1.397,5.345,0.622,5,2.337,6,4.072,7,3.177,9,3.565,
1552162877526,0,42174,4,1.397,5.345,0.622,5,2.337,6,4.072,7,3.177,9,3.565,
1552162877542,16,42190,4,1.397,5.345,0.622,5,2.336,6,4.072,7,3.146,9,3.584,
1552162877551,9,42199,4,1.397,5.345,0.622,5,2.336,6,4.072,7,3.146,9,3.584,
1552162877582,31,42230,4,1.397,5.345,0.622,5,2.336,6,4.072,7,3.146,9,3.584,
1552162877598,16,42246,4,1.397,5.345,0.622,5,2.336,6,4.089,7,3.128,9,3.584,
1552162877686,88,42334,4,1.403,5.316,0.657,5,2.336,6,4.089,7,3.128,9,3.584,
1552162877686,0,42334,4,1.403,5.316,0.657,5,2.336,6,4.089,7,3.128,9,3.584,
1552162877710,24,42358,4,1.403,5.316,0.657,5,2.330,6,4.089,7,3.128,9,3.608,
1552162877719,9,42367,4,1.403,5.316,0.657,5,2.330,6,4.089,7,3.128,9,3.608,
1552162877758,39,42406,4,1.403,5.316,0.657,5,2.330,6,4.089,7,3.128,9,3.608,
1552162877770,12,42418,4,1.403,5.316,0.657,5,2.330,6,4.112,7,3.111,9,3.608,
1552162877854,84,42502,4,1.416,5.290,0.701,5,2.330,6,4.112,7,3.111,9,3.608,
1552162877854,0,42502,4,1.416,5.290,0.701,5,2.330,6,4.112,7,3.111,9,3.608,
1552162877902,48,42550,4,1.416,5.290,0.701,5,2.322,6,4.112,7,3.111,9,3.642,
1552162877914,12,42562,4,1.416,5.290,0.701,5,2.322,6,4.112,7,3.111,9,3.642,
1552162877922,8,42570,4,1.416,5.290,0.701,5,2.322,6,4.112,7,3.111,9,3.642,
1552162877926,4,42574,4,1.416,5.290,0.701,5,2.322,6,4.129,7,3.111,9,3.642,
1552162877950,24,42598,4,1.416,5.290,0.701,5,2.322,6,4.129,7,3.111,9,3.642,
1552162877950,0,42598,4,1.416,5.290,0.701,5,2.322,6,4.129,7,3.111,9,3.642,
1552162877962,12,42610,4,1.416,5.290,0.701,5,2.316,6,4.129,7,3.093,9,3.642,
1552162878034,72,42682,4,1.455,5.370,0.604,5,2.316,6,4.129,7,3.093,9,3.642,
1552162878050,16,42698,4,1.455,5.370,0.604,5,2.316,6,4.129,7,3.093,9,3.679,
1552162878122,72,42770,4,1.455,5.370,0.604,5,2.316,6,4.129,7,3.093,9,3.679,
1552162878190,68,42838,4,1.460,5.365,0.631,5,2.312,6,4.137,7,3.075,9,3.679,
1552162878190,0,42838,4,1.460,5.365,0.631,5,2.312,6,4.137,7,3.075,9,3.679,
1552162878194,4,42842,4,1.460,5.365,0.631,5,2.312,6,4.137,7,3.075,9,3.679,
1552162878213,19,42861,4,1.460,5.365,0.631,5,2.312,6,4.137,7,3.075,9,3.704,
1552162878295,82,42943,4,1.460,5.365,0.631,5,2.312,6,4.137,7,3.075,9,3.704,
1552162878363,68,43011,4,1.469,5.361,0.658,5,2.310,6,4.120,7,3.056,9,3.728,
1552162878371,8,43019,4,1.469,5.361,0.658,5,2.310,6,4.120,7,3.056,9,3.728,
1552162878371,0,43019,4,1.469,5.361,0.658,5,2.310,6,4.120,7,3.056,9,3.728,
1552162878391,20,43039,4,1.469,5.361,0.658,5,2.310,6,4.120,7,3.056,9,3.728,
1552162878463,72,43111,4,1.469,5.361,0.658,5,2.310,6,4.120,7,3.056,9,3.728,
1552162878531,68,43179,4,1.473,5.364,0.679,5,2.302,6,4.175,7,3.031,9,3.761,
1552162878539,8,43187,4,1.473,5.364,0.679,5,2.302,6,4.175,7,3.031,9,3.761,
1552162878555,16,43203,4,1.473,5.364,0.679,5,2.302,6,4.175,7,3.031,9,3.761,
1552162878555,0,43203,4,1.473,5.364,0.679,5,2.302,6,4.175,7,3.031,9,3.761,
1552162878575,20,43223,4,1.473,5.364,0.679,5,2.302,6,4.175,7,3.031,9,3.761,
1552162878619,44,43267,4,1.473,5.364,0.679,5,2.302,6,4.175,7,3.031,9,3.761,
1552162878631,12,43279,4,1.473,5.364,0.679,5,2.299,6,4.194,7,3.016,9,3.761,
1552162878722,91,43370,4,1.470,5.368,0.689,5,2.299,6,4.194,7,3.016,9,3.761,
1552162878742,20,43390,4,1.470,5.368,0.689,5,2.299,6,4.194,7,3.016,9,3.784,
1552162878742,0,43390,4,1.470,5.368,0.689,5,2.299,6,4.194,7,3.016,9,3.784,
1552162878786,44,43434,4,1.470,5.368,0.689,5,2.299,6,4.194,7,3.016,9,3.784,
1552162878802,16,43450,4,1.470,5.368,0.689,5,2.299,6,4.209,7,3.000,9,3.784,
1552162878870,68,43518,4,1.463,5.367,0.702,5,2.294,6,4.209,7,3.000,9,3.809,
1552162878898,28,43546,4,1.463,5.367,0.702,5,2.294,6,4.209,7,3.000,9,3.809,
1552162878918,20,43566,4,1.463,5.367,0.702,5,2.294,6,4.209,7,3.000,9,3.809,
1552162878922,4,43570,4,1.463,5.367,0.702,5,2.294,6,4.209,7,3.000,9,3.809,
1552162878966,44,43614,4,1.463,5.367,0.702,5,2.294,6,4.209,7,3.000,9,3.809,
1552162879046,80,43694,4,1.447,5.365,0.705,5,2.290,6,4.222,7,2.984,9,3.809,
1552162879058,12,43706,4,1.447,5.365,0.705,5,2.290,6,4.222,7,2.984,9,3.809,
1552162879062,4,43710,4,1.447,5.365,0.705,5,2.290,6,4.222,7,2.984,9,3.834,
1552162879070,8,43718,4,1.447,5.365,0.705,5,2.290,6,4.222,7,2.984,9,3.834,
1552162879070,0,43718,4,1.447,5.365,0.705,5,2.290,6,4.222,7,2.984,9,3.834,
1552162879074,4,43722,4,1.447,5.365,0.705,5,2.290,6,4.222,7,2.984,9,3.834,
1552162879086,12,43734,4,1.447,5.365,0.705,5,2.290,6,4.222,7,2.984,9,3.834,
1552162879202,116,43850,4,1.447,5.365,0.705,5,2.290,6,4.222,7,2.984,9,3.834,
1552162879234,32,43882,4,1.428,5.360,0.701,5,2.288,6,4.232,7,2.976,9,3.860,
1552162879238,4,43886,4,1.428,5.360,0.701,5,2.288,6,4.232,7,2.976,9,3.860,
1552162879238,0,43886,4,1.428,5.360,0.701,5,2.288,6,4.232,7,2.976,9,3.860,
1552162879266,28,43914,4,1.428,5.360,0.701,5,2.288,6,4.232,7,2.976,9,3.860,
1552162879309,43,43957,4,1.428,5.360,0.701,5,2.288,6,4.232,7,2.976,9,3.860,
1552162879413,104,44061,4,1.407,5.352,0.694,5,2.292,6,4.250,7,2.962,9,3.860,
1552162879418,5,44066,4,1.407,5.352,0.694,5,2.292,6,4.250,7,2.962,9,3.886,
1552162879429,11,44077,4,1.407,5.352,0.694,5,2.292,6,4.250,7,2.962,9,3.886,
1552162879429,0,44077,4,1.407,5.352,0.694,5,2.292,6,4.250,7,2.962,9,3.886,
1552162879542,113,44190,4,1.387,5.344,0.687,5,2.292,6,4.250,7,2.962,9,3.886,
1552162879561,19,44209,4,1.387,5.344,0.687,5,2.289,6,4.261,7,2.949,9,3.903,
1552162879593,32,44241,4,1.387,5.344,0.687,5,2.289,6,4.261,7,2.949,9,3.903,
1552162879609,16,44257,4,1.387,5.344,0.687,5,2.289,6,0.000,7,2.949,9,3.903,
1552162879661,52,44309,4,1.387,5.344,0.687,5,2.289,6,0.000,7,2.949,9,3.903,
1552162879661,0,44309,4,1.387,5.344,0.687,5,2.289,6,0.000,7,2.949,9,3.903,
1552162879713,52,44361,4,1.387,5.344,0.687,5,0.000,6,0.000,7,0.000,9,0.000,
1552162879721,8,44369,4,1.387,5.344,0.687,5,0.000,6,0.000,7,0.000,9,0.000,
1552162879741,20,44389,4,1.387,5.344,0.687,5,0.000,6,0.000,7,0.000,9,0.000,
1552162879761,20,44409,4,1.387,5.344,0.687,5,0.000,6,0.000,7,0.000,9,0.000,
1552162879817,56,44465,4,1.387,5.344,0.687,5,0.000,6,0.000,7,0.000,9,0.000,
1552162879817,0,44465,4,1.387,5.344,0.687,5,0.000,6,0.000,7,0.000,9,0.000,
1552162879885,68,44533,4,1.366,5.338,0.677,5,2.285,6,4.286,7,2.941,9,0.000,
1552162879893,8,44541,4,1.366,5.338,0.677,5,2.285,6,4.286,7,2.941,9,3.923,
1552162879897,4,44545,4,1.366,5.338,0.677,5,2.285,6,4.286,7,2.941,9,3.923,
1552162879989,92,44637,4,1.366,5.338,0.677,5,2.285,6,4.286,7,2.941,9,3.923,
1552162880052,63,44700,4,1.247,5.221,0.800,5,2.276,6,4.301,7,2.934,9,3.946,
1552162880052,0,44700,4,1.247,5.221,0.800,5,2.276,6,4.301,7,2.934,9,3.946,
1552162880065,13,44713,4,1.247,5.221,0.800,5,2.276,6,4.301,7,2.934,9,3.946,
1552162880085,20,44733,4,1.247,5.221,0.800,5,2.276,6,4.301,7,2.934,9,3.946,
1552162880104,19,44752,4,1.247,5.221,0.800,5,2.276,6,4.301,7,2.934,9,3.946,
1552162880108,4,44756,4,1.247,5.221,0.800,5,2.276,6,4.301,7,2.934,9,3.946,
1552162880112,4,44760,4,1.247,5.221,0.800,5,2.276,6,4.301,7,2.934,9,3.946,
1552162880112,0,44760,4,1.247,5.221,0.800,5,2.276,6,4.301,7,2.934,9,3.946,
1552162880148,36,44796,4,1.247,5.221,0.800,5,2.276,6,4.287,7,2.934,9,3.946,
1552162880160,12,44808,4,1.247,5.221,0.800,5,2.282,6,4.287,7,2.939,9,3.946,
1552162880224,64,44872,4,1.219,5.207,0.794,5,2.282,6,4.287,7,2.939,9,3.946,
1552162880260,36,44908,4,1.219,5.207,0.794,5,2.282,6,4.287,7,2.939,9,3.924,
1552162880320,60,44968,4,1.219,5.207,0.794,5,2.282,6,4.287,7,2.939,9,3.924,
1552162880320,0,44968,4,1.219,5.207,0.794,5,2.282,6,4.287,7,2.939,9,3.924,
1552162880392,72,45040,4,1.123,5.098,0.920,5,2.278,6,4.268,7,2.950,9,3.924,
1552162880396,4,45044,4,1.123,5.098,0.920,5,2.278,6,4.268,7,2.950,9,3.900,
1552162880412,16,45060,4,1.123,5.098,0.920,5,2.278,6,4.268,7,2.950,9,3.900,
1552162880416,4,45064,4,1.123,5.098,0.920,5,2.278,6,4.268,7,2.950,9,3.900,
1552162880476,60,45124,4,1.123,5.098,0.920,5,2.278,6,4.268,7,2.950,9,3.900,
1552162880476,0,45124,4,1.123,5.098,0.920,5,2.278,6,4.268,7,2.950,9,3.900,
1552162880492,16,45140,4,1.123,5.098,0.920,5,2.280,6,4.258,7,2.969,9,3.900,
1552162880584,92,45232,4,1.040,4.995,1.045,5,2.280,6,4.258,7,2.969,9,3.900,
1552162880600,16,45248,4,1.040,4.995,1.045,5,2.280,6,4.258,7,2.969,9,3.878,
1552162880660,60,45308,4,1.040,4.995,1.045,5,2.280,6,4.258,7,2.969,9,3.878,
1552162880724,64,45372,4,1.070,5.011,1.025,5,2.285,6,4.232,7,2.987,9,3.849,
1552162880724,0,45372,4,1.070,5.011,1.025,5,2.285,6,4.232,7,2.987,9,3.849,
1552162880744,20,45392,4,1.070,5.011,1.025,5,2.285,6,4.232,7,2.987,9,3.849,
1552162880772,28,45420,4,1.070,5.011,1.025,5,2.285,6,4.232,7,2.987,9,3.849,
1552162880775,3,45423,4,1.070,5.011,1.025,5,2.285,6,4.232,7,2.987,9,3.849,
1552162880832,57,45480,4,1.070,5.011,1.025,5,2.285,6,4.232,7,2.987,9,3.849,
1552162880952,120,45600,4,1.026,4.934,1.131,5,2.289,6,4.215,7,3.003,9,3.819,
1552162880952,0,45600,4,1.026,4.934,1.131,5,2.289,6,4.215,7,3.003,9,3.819,
1552162880963,11,45611,4,1.026,4.934,1.131,5,2.289,6,4.215,7,3.003,9,3.819,
1552162880975,12,45623,4,1.026,4.934,1.131,5,2.289,6,4.188,7,3.003,9,3.819,
1552162880979,4,45627,4,1.026,4.934,1.131,5,2.289,6,4.188,7,3.017,9,3.819,
1552162881063,84,45711,4,1.057,4.945,1.119,5,2.289,6,4.188,7,3.017,9,3.819,
1552162881084,21,45732,4,1.057,4.945,1.119,5,2.295,6,4.188,7,3.017,9,3.786,
1552162881084,0,45732,4,1.057,4.945,1.119,5,2.295,6,4.188,7,3.017,9,3.786,
1552162881127,43,45775,4,1.057,4.945,1.119,5,2.295,6,4.188,7,3.017,9,3.786,
1552162881143,16,45791,4,1.057,4.945,1.119,5,2.295,6,4.163,7,3.036,9,3.786,
1552162881251,108,45899,4,1.092,4.957,1.106,5,2.295,6,4.163,7,3.036,9,3.786,
1552162881267,16,45915,4,1.092,4.957,1.106,5,2.306,6,4.163,7,3.036,9,3.748,
1552162881275,8,45923,4,1.092,4.957,1.106,5,2.306,6,4.163,7,3.036,9,3.748,
1552162881275,0,45923,4,1.092,4.957,1.106,5,2.306,6,4.163,7,3.036,9,3.748,
1552162881279,4,45927,4,1.092,4.957,1.106,5,2.306,6,4.163,7,3.036,9,3.748,
1552162881287,8,45935,4,1.092,4.957,1.106,5,2.306,6,4.163,7,3.036,9,3.748,
1552162881303,16,45951,4,1.092,4.957,1.106,5,2.306,6,4.163,7,3.036,9,3.748,
1552162881319,16,45967,4,1.092,4.957,1.106,5,2.306,6,4.148,7,3.059,9,3.748,
1552162881403,84,46051,4,1.122,4.965,1.100,5,2.306,6,4.148,7,3.059,9,3.748,
1552162881403,0,46051,4,1.122,4.965,1.100,5,2.306,6,4.148,7,3.059,9,3.748,
1552162881427,24,46075,4,1.122,4.965,1.100,5,2.310,6,4.148,7,3.059,9,3.716,
1552162881435,8,46083,4,1.122,4.965,1.100,5,2.310,6,4.148,7,3.059,9,3.716,
1552162881451,16,46099,4,1.122,4.965,1.100,5,2.310,6,4.148,7,3.059,9,3.716,
1552162881459,8,46107,4,1.122,4.965,1.100,5,2.310,6,4.148,7,3.059,9,3.716,
1552162881475,16,46123,4,1.122,4.965,1.100,5,2.310,6,4.103,7,3.059,9,3.716,
1552162881475,0,46123,4,1.122,4.965,1.100,5,2.310,6,4.103,7,3.059,9,3.716,
1552162881575,100,46223,4,1.154,4.966,1.109,5,2.310,6,4.103,7,3.059,9,3.716,
1552162881594,19,46242,4,1.154,4.966,1.109,5,2.321,6,4.103,7,3.082,9,3.678,
1552162881627,33,46275,4,1.154,4.966,1.109,5,2.321,6,4.103,7,3.082,9,3.678,
1552162881639,12,46287,4,1.154,4.966,1.109,5,2.321,6,3.460,7,3.082,9,3.678,
1552162881738,99,46386,4,1.238,4.961,0.921,5,2.321,6,3.460,7,3.082,9,3.678,
1552162881738,0,46386,4,1.238,4.961,0.921,5,2.321,6,3.460,7,3.082,9,3.678,
1552162881754,16,46402,4,1.238,4.961,0.921,5,2.330,6,3.460,7,3.096,9,3.634,
1552162881783,29,46431,4,1.238,4.961,0.921,5,2.330,6,3.460,7,3.096,9,3.634,
1552162881798,15,46446,4,1.238,4.961,0.921,5,2.330,6,3.460,7,3.096,9,3.634,
1552162881907,109,46555,4,1.238,4.961,0.921,5,2.330,6,3.460,7,3.096,9,3.634,
1552162881910,3,46558,4,1.281,4.985,0.892,5,2.333,6,4.077,7,3.117,9,3.607,
1552162881910,0,46558,4,1.281,4.985,0.892,5,2.333,6,4.077,7,3.117,9,3.607,
1552162881922,12,46570,4,1.281,4.985,0.892,5,2.333,6,4.077,7,3.117,9,3.607,
1552162881942,20,46590,4,1.281,4.985,0.892,5,2.333,6,4.077,7,3.117,9,3.607,
1552162881954,12,46602,4,1.281,4.985,0.892,5,2.333,6,4.077,7,3.117,9,3.607,
1552162882018,64,46666,4,1.281,4.985,0.892,5,2.333,6,4.077,7,3.117,9,3.607,
1552162882078,60,46726,4,1.322,5.009,0.861,5,2.344,6,4.066,7,3.141,9,3.607,
1552162882082,4,46730,4,1.322,5.009,0.861,5,2.344,6,4.066,7,3.141,9,3.607,
1552162882086,4,46734,4,1.322,5.009,0.861,5,2.344,6,4.066,7,3.141,9,3.585,
1552162882106,20,46754,4,1.322,5.009,0.861,5,2.344,6,4.066,7,3.141,9,3.585,
1552162882118,12,46766,4,1.322,5.009,0.861,5,2.344,6,4.066,7,3.141,9,3.585,
1552162882178,60,46826,4,1.322,5.009,0.861,5,2.344,6,4.066,7,3.141,9,3.585,
1552162882250,72,46898,4,1.365,5.039,0.817,5,2.355,6,4.040,7,3.162,9,3.551,
1552162882250,0,46898,4,1.365,5.039,0.817,5,2.355,6,4.040,7,3.162,9,3.551,
1552162882258,8,46906,4,1.365,5.039,0.817,5,2.355,6,4.040,7,3.162,9,3.551,
1552162882286,28,46934,4,1.365,5.039,0.817,5,2.355,6,4.040,7,3.162,9,3.551,
1552162882293,7,46941,4,1.365,5.039,0.817,5,2.355,6,4.040,7,3.162,9,3.551,
1552162882297,4,46945,4,1.365,5.039,0.817,5,2.355,6,4.040,7,3.162,9,3.551,
1552162882306,9,46954,4,1.365,5.039,0.817,5,2.355,6,4.040,7,3.162,9,3.551,
1552162882306,0,46954,4,1.365,5.039,0.817,5,2.355,6,4.040,7,3.162,9,3.551,
1552162882345,39,46993,4,1.365,5.039,0.817,5,2.355,6,4.040,7,3.162,9,3.551,
1552162882358,13,47006,4,1.365,5.039,0.817,5,2.377,6,3.998,7,3.188,9,3.551,
1552162882453,95,47101,4,1.371,5.089,0.944,5,2.377,6,3.998,7,3.188,9,3.551,
1552162882458,5,47106,4,1.371,5.089,0.944,5,2.377,6,3.998,7,3.188,9,3.506,
1552162882474,16,47122,4,1.371,5.089,0.944,5,2.377,6,3.998,7,3.188,9,3.506,
1552162882474,0,47122,4,1.371,5.089,0.944,5,2.377,6,3.998,7,3.188,9,3.506,
1552162882509,35,47157,4,1.371,5.089,0.944,5,2.377,6,3.998,7,3.188,9,3.506,
1552162882582,73,47230,4,1.411,5.195,0.806,5,2.377,6,3.513,7,3.214,9,3.506,
1552162882601,19,47249,4,1.411,5.195,0.806,5,2.379,6,3.513,7,3.214,9,3.461,
1552162882617,16,47265,4,1.411,5.195,0.806,5,2.379,6,3.513,7,3.214,9,3.461,
1552162882637,20,47285,4,1.411,5.195,0.806,5,2.379,6,3.513,7,3.214,9,3.461,
1552162882637,0,47285,4,1.411,5.195,0.806,5,2.379,6,3.513,7,3.214,9,3.461,
1552162882689,52,47337,4,1.411,5.195,0.806,5,2.379,6,3.513,7,3.214,9,3.461,
1552162882761,72,47409,4,1.462,5.243,0.755,5,2.389,6,3.960,7,3.245,9,3.425,
1552162882773,12,47421,4,1.462,5.243,0.755,5,2.389,6,3.960,7,3.245,9,3.425,
1552162882789,16,47437,4,1.462,5.243,0.755,5,2.389,6,3.960,7,3.245,9,3.425,
1552162882845,56,47493,4,1.462,5.243,0.755,5,2.389,6,3.960,7,3.245,9,3.425,
1552162882845,0,47493,4,1.462,5.243,0.755,5,2.389,6,3.960,7,3.245,9,3.425,
1552162882921,76,47569,4,1.517,5.293,0.703,5,2.403,6,3.943,7,3.270,9,3.389,
1552162882945,24,47593,4,1.517,5.293,0.703,5,2.403,6,3.943,7,3.270,9,3.389,
1552162882985,40,47633,4,1.517,5.293,0.703,5,2.403,6,3.943,7,3.270,9,3.389,
1552162882993,8,47641,4,1.517,5.293,0.703,5,2.403,6,3.922,7,3.270,9,3.389,
1552162883033,40,47681,4,1.517,5.293,0.703,5,2.403,6,3.922,7,3.270,9,3.389,
1552162883033,0,47681,4,1.517,5.293,0.703,5,2.403,6,3.922,7,3.270,9,3.389,
1552162883092,59,47740,4,1.546,5.391,0.592,5,2.408,6,3.922,7,3.293,9,3.355,
1552162883117,25,47765,4,1.546,5.391,0.592,5,2.408,6,3.922,7,3.293,9,3.355,
1552162883128,11,47776,4,1.546,5.391,0.592,5,2.408,6,3.922,7,3.293,9,3.355,
1552162883160,32,47808,4,1.546,5.391,0.592,5,2.408,6,3.922,7,3.293,9,3.355,
1552162883260,100,47908,4,1.597,5.380,0.621,5,2.408,6,3.918,7,3.293,9,3.355,
1552162883260,0,47908,4,1.597,5.380,0.621,5,2.408,6,3.918,7,3.293,9,3.355,
1552162883292,32,47940,4,1.597,5.380,0.621,5,2.419,6,3.918,7,3.315,9,3.323,
1552162883308,16,47956,4,1.597,5.380,0.621,5,2.419,6,3.918,7,3.315,9,3.323,
1552162883321,13,47969,4,1.597,5.380,0.621,5,2.419,6,3.918,7,3.315,9,3.323,
1552162883364,43,48012,4,1.597,5.380,0.621,5,2.419,6,3.918,7,3.315,9,3.323,
1552162883428,64,48076,4,1.623,5.448,0.546,5,2.431,6,3.859,7,3.337,9,3.323,
1552162883432,4,48080,4,1.623,5.448,0.546,5,2.431,6,3.859,7,3.337,9,3.323,
1552162883440,8,48088,4,1.623,5.448,0.546,5,2.431,6,3.859,7,3.337,9,3.285,
1552162883448,8,48096,4,1.623,5.448,0.546,5,2.431,6,3.859,7,3.337,9,3.285,
1552162883456,8,48104,4,1.623,5.448,0.546,5,2.431,6,3.859,7,3.337,9,3.285,
1552162883460,4,48108,4,1.623,5.448,0.546,5,2.431,6,3.859,7,3.337,9,3.285,
1552162883472,12,48120,4,1.623,5.448,0.546,5,2.431,6,3.859,7,3.337,9,3.285,
1552162883472,0,48120,4,1.623,5.448,0.546,5,2.431,6,3.859,7,3.337,9,3.285,
1552162883536,64,48184,4,1.623,5.448,0.546,5,2.431,6,3.859,7,3.337,9,3.285,
1552162883600,64,48248,4,1.634,5.420,0.595,5,2.442,6,3.889,7,3.357,9,3.253,
1552162883612,12,48260,4,1.634,5.420,0.595,5,2.442,6,3.889,7,3.357,9,3.253,
1552162883616,4,48264,4,1.634,5.420,0.595,5,2.442,6,3.889,7,3.357,9,3.253,
1552162883652,36,48300,4,1.634,5.420,0.595,5,2.442,6,3.889,7,3.357,9,3.253,
1552162883652,0,48300,4,1.634,5.420,0.595,5,2.442,6,3.889,7,3.357,9,3.253,
1552162883779,127,48427,4,1.656,5.328,0.726,5,2.442,6,3.889,7,3.357,9,3.253,
1552162883795,16,48443,4,1.656,5.328,0.726,5,2.456,6,3.849,7,3.367,9,3.231,
1552162883803,8,48451,4,1.656,5.328,0.726,5,2.456,6,3.849,7,3.367,9,3.231,
1552162883868,65,48516,4,1.656,5.328,0.726,5,2.456,6,3.849,7,3.367,9,3.231,
1552162883952,84,48600,4,1.670,5.359,0.704,5,2.459,6,3.833,7,3.391,9,3.206,
1552162883952,0,48600,4,1.670,5.359,0.704,5,2.459,6,3.833,7,3.391,9,3.206,
1552162883964,12,48612,4,1.670,5.359,0.704,5,2.459,6,3.833,7,3.391,9,3.206,
1552162883975,11,48623,4,1.670,5.359,0.704,5,2.459,6,3.833,7,3.391,9,3.206,
1552162884040,65,48688,4,1.670,5.359,0.704,5,2.459,6,3.833,7,3.391,9,3.206,
1552162884051,11,48699,4,1.670,5.359,0.704,5,2.459,6,3.818,7,3.410,9,3.206,
1552162884116,65,48764,4,1.714,5.320,0.765,5,2.475,6,3.818,7,3.410,9,3.206,
1552162884116,0,48764,4,1.714,5.320,0.765,5,2.475,6,3.818,7,3.410,9,3.206,
1552162884127,11,48775,4,1.714,5.320,0.765,5,2.475,6,3.818,7,3.410,9,3.206,
1552162884151,24,48799,4,1.714,5.320,0.765,5,2.475,6,3.818,7,3.410,9,3.184,
1552162884207,56,48855,4,1.714,5.320,0.765,5,2.475,6,3.818,7,3.410,9,3.184,
1552162884223,16,48871,4,1.714,5.320,0.765,5,2.485,6,3.791,7,3.434,9,3.184,
1552162884291,68,48939,4,1.762,5.360,0.729,5,2.485,6,3.791,7,3.434,9,3.184,
1552162884291,0,48939,4,1.762,5.360,0.729,5,2.485,6,3.791,7,3.434,9,3.184,
1552162884299,8,48947,4,1.762,5.360,0.729,5,2.485,6,3.791,7,3.434,9,3.157,
1552162884311,12,48959,4,1.762,5.360,0.729,5,2.485,6,3.791,7,3.434,9,3.157,
1552162884371,60,49019,4,1.762,5.360,0.729,5,2.485,6,3.791,7,3.434,9,3.157,
1552162884403,32,49051,4,1.762,5.360,0.729,5,2.485,6,3.788,7,3.454,9,3.157,
1552162884459,56,49107,4,1.814,5.415,0.672,5,2.493,6,3.788,7,3.454,9,3.157,
1552162884459,0,49107,4,1.814,5.415,0.672,5,2.493,6,3.788,7,3.454,9,3.157,
1552162884487,28,49135,4,1.814,5.415,0.672,5,2.493,6,3.788,7,3.454,9,3.134,
1552162884499,12,49147,4,1.814,5.415,0.672,5,2.493,6,3.788,7,3.454,9,3.134,
1552162884511,12,49159,4,1.814,5.415,0.672,5,2.493,6,3.788,7,3.454,9,3.134,
1552162884514,3,49162,4,1.814,5.415,0.672,5,2.493,6,3.788,7,3.454,9,3.134,
1552162884551,37,49199,4,1.814,5.415,0.672,5,2.493,6,3.777,7,3.454,9,3.134,
1552162884551,0,49199,4,1.814,5.415,0.672,5,2.493,6,3.777,7,3.454,9,3.134,
1552162884567,16,49215,4,1.814,5.415,0.672,5,2.501,6,3.777,7,3.462,9,3.134,
1552162884626,59,49274,4,1.857,5.386,0.718,5,2.501,6,3.777,7,3.462,9,3.134,
1552162884647,21,49295,4,1.857,5.386,0.718,5,2.501,6,3.777,7,3.462,9,3.113,
1552162884698,51,49346,4,1.857,5.386,0.718,5,2.501,6,3.777,7,3.462,9,3.113,
1552162884710,12,49358,4,1.857,5.386,0.718,5,2.501,6,3.767,7,3.462,9,3.113,
1552162884710,0,49358,4,1.857,5.386,0.718,5,2.501,6,3.767,7,3.462,9,3.113,
1552162884734,24,49382,4,1.857,5.386,0.718,5,2.510,6,3.767,7,3.483,9,3.113,
1552162884791,57,49439,4,1.883,5.393,0.723,5,2.510,6,3.767,7,3.483,9,3.113,
1552162884807,16,49455,4,1.883,5.393,0.723,5,2.510,6,3.767,7,3.483,9,3.095,
1552162884862,55,49510,4,1.883,5.393,0.723,5,2.510,6,3.767,7,3.483,9,3.095,
1552162884878,16,49526,4,1.883,5.393,0.723,5,2.510,6,3.753,7,3.496,9,3.095,
1552162884878,0,49526,4,1.883,5.393,0.723,5,2.510,6,3.753,7,3.496,9,3.095,
1552162884970,92,49618,4,1.912,5.412,0.703,5,2.510,6,3.753,7,3.496,9,3.095,
1552162884990,20,49638,4,1.912,5.412,0.703,5,2.510,6,3.753,7,3.496,9,3.076,
1552162885074,84,49722,4,1.912,5.412,0.703,5,2.510,6,3.753,7,3.496,9,3.076,
1552162885134,60,49782,4,1.934,5.427,0.694,5,2.522,6,3.749,7,3.511,9,3.057,
1552162885142,8,49790,4,1.934,5.427,0.694,5,2.522,6,3.749,7,3.511,9,3.057,
1552162885142,0,49790,4,1.934,5.427,0.694,5,2.522,6,3.749,7,3.511,9,3.057,
1552162885150,8,49798,4,1.934,5.427,0.694,5,2.522,6,3.749,7,3.511,9,3.057,
1552162885182,32,49830,4,1.934,5.427,0.694,5,2.522,6,3.749,7,3.511,9,3.057,
1552162885238,56,49886,4,1.934,5.427,0.694,5,2.522,6,3.749,7,3.511,9,3.057,
1552162885302,64,49950,4,1.954,5.430,0.703,5,2.528,6,3.741,7,3.524,9,3.037,
1552162885317,15,49965,4,1.954,5.430,0.703,5,2.528,6,3.741,7,3.524,9,3.037,
1552162885317,0,49965,4,1.954,5.430,0.703,5,2.528,6,3.741,7,3.524,9,3.037,
1552162885334,17,49982,4,1.954,5.430,0.703,5,2.528,6,3.741,7,3.524,9,3.037,
1552162885346,12,49994,4,1.954,5.430,0.703,5,2.528,6,3.741,7,3.524,9,3.037,
1552162885401,55,50049,4,1.954,5.430,0.703,5,2.528,6,3.741,7,3.524,9,3.037,
1552162885409,8,50057,4,1.954,5.430,0.703,5,2.546,6,3.729,7,3.547,9,3.037,
1552162885470,61,50118,4,2.025,5.394,0.595,5,2.546,6,3.729,7,3.547,9,3.015,
1552162885470,0,50118,4,2.025,5.394,0.595,5,2.546,6,3.729,7,3.547,9,3.015,
1552162885521,51,50169,4,2.025,5.394,0.595,5,2.546,6,3.729,7,3.547,9,3.015,
1552162885534,13,50182,4,2.025,5.394,0.595,5,2.546,6,3.712,7,3.547,9,3.015,
1552162885569,35,50217,4,2.025,5.394,0.595,5,2.546,6,3.712,7,3.547,9,3.015,
1552162885573,4,50221,4,2.025,5.394,0.595,5,2.557,6,3.712,7,3.567,9,3.015,
1552162885581,8,50229,4,2.025,5.394,0.595,5,2.557,6,3.712,7,3.567,9,3.015,
1552162885581,0,50229,4,2.025,5.394,0.595,5,2.557,6,3.712,7,3.567,9,3.015,
1552162885637,56,50285,4,2.095,5.360,0.494,5,2.557,6,3.712,7,3.567,9,3.015,
1552162885654,17,50302,4,2.095,5.360,0.494,5,2.557,6,3.712,7,3.567,9,2.986,
1552162885677,23,50325,4,2.095,5.360,0.494,5,2.557,6,3.712,7,3.567,9,2.986,
1552162885689,12,50337,4,2.095,5.360,0.494,5,2.557,6,3.712,7,3.567,9,2.986,
1552162885805,116,50453,4,2.167,5.321,0.394,5,2.557,6,3.712,7,3.567,9,2.986,
1552162885809,4,50457,4,2.167,5.321,0.394,5,2.557,6,3.712,7,3.567,9,2.986,
1552162885845,36,50493,4,2.167,5.321,0.394,5,2.566,6,3.704,7,3.581,9,2.967,
1552162885857,12,50505,4,2.167,5.321,0.394,5,2.566,6,3.704,7,3.581,9,2.967,
1552162885861,4,50509,4,2.167,5.321,0.394,5,2.566,6,3.704,7,3.581,9,2.967,
1552162885873,12,50521,4,2.167,5.321,0.394,5,2.566,6,3.690,7,3.581,9,2.967,
1552162885973,100,50621,4,2.240,5.279,0.298,5,2.566,6,3.690,7,3.581,9,2.967,
1552162885973,0,50621,4,2.240,5.279,0.298,5,2.566,6,3.690,7,3.581,9,2.967,
1552162885989,16,50637,4,2.240,5.279,0.298,5,2.575,6,3.690,7,3.597,9,2.949,
1552162886016,27,50664,4,2.240,5.279,0.298,5,2.575,6,3.690,7,3.597,9,2.949,
1552162886032,16,50680,4,2.240,5.279,0.298,5,2.575,6,3.690,7,3.597,9,2.949,
1552162886148,116,50796,4,2.262,5.286,0.301,5,2.575,6,3.690,7,3.597,9,2.949,
1552162886164,16,50812,4,2.262,5.286,0.301,5,2.587,6,3.682,7,3.613,9,2.932,
1552162886164,0,50812,4,2.262,5.286,0.301,5,2.587,6,3.682,7,3.613,9,2.932,
1552162886189,25,50837,4,2.262,5.286,0.301,5,2.587,6,3.682,7,3.613,9,2.932,
1552162886200,11,50848,4,2.262,5.286,0.301,5,2.587,6,3.682,7,3.613,9,2.932,
1552162886224,24,50872,4,2.262,5.286,0.301,5,2.587,6,3.682,7,3.613,9,2.932,
1552162886312,88,50960,4,2.280,5.293,0.305,5,2.587,6,3.673,7,3.625,9,2.932,
1552162886344,32,50992,4,2.280,5.293,0.305,5,2.593,6,3.673,7,3.625,9,2.913,
1552162886344,0,50992,4,2.280,5.293,0.305,5,2.593,6,3.673,7,3.625,9,2.913,
1552162886348,4,50996,4,2.280,5.293,0.305,5,2.593,6,3.673,7,3.625,9,2.913,
1552162886372,24,51020,4,2.280,5.293,0.305,5,2.593,6,3.673,7,3.625,9,2.913,
1552162886476,104,51124,4,2.280,5.293,0.305,5,2.593,6,3.660,7,3.625,9,2.913,
1552162886492,16,51140,4,2.299,5.298,0.307,5,2.598,6,3.660,7,3.640,9,2.897,
1552162886500,8,51148,4,2.299,5.298,0.307,5,2.598,6,3.660,7,3.640,9,2.897,
1552162886500,0,51148,4,2.299,5.298,0.307,5,2.598,6,3.660,7,3.640,9,2.897,
1552162886520,20,51168,4,2.299,5.298,0.307,5,2.598,6,3.660,7,3.640,9,2.897,
1552162886532,12,51180,4,2.299,5.298,0.307,5,2.598,6,3.660,7,3.640,9,2.897,
1552162886652,120,51300,4,2.319,5.302,0.311,5,2.598,6,3.660,7,3.640,9,2.897,
1552162886664,12,51312,4,2.319,5.302,0.311,5,2.604,6,3.643,7,3.655,9,2.875,
1552162886672,8,51320,4,2.319,5.302,0.311,5,2.604,6,3.643,7,3.655,9,2.875,
1552162886672,0,51320,4,2.319,5.302,0.311,5,2.604,6,3.643,7,3.655,9,2.875,
1552162886676,4,51324,4,2.319,5.302,0.311,5,2.604,6,3.643,7,3.655,9,2.875,
1552162886696,20,51344,4,2.319,5.302,0.311,5,2.604,6,3.643,7,3.655,9,2.875,
1552162886704,8,51352,4,2.319,5.302,0.311,5,2.604,6,3.643,7,3.655,9,2.875,
1552162886712,8,51360,4,2.319,5.302,0.311,5,2.604,6,3.643,7,3.655,9,2.875,
1552162886752,40,51400,4,2.319,5.302,0.311,5,2.604,6,3.643,7,3.655,9,2.875,
1552162886752,0,51400,4,2.319,5.302,0.311,5,2.604,6,3.643,7,3.655,9,2.875,
1552162886820,68,51468,4,2.336,5.306,0.314,5,2.613,6,3.640,7,3.661,9,2.870,
1552162886836,16,51484,4,2.336,5.306,0.314,5,2.613,6,3.640,7,3.661,9,2.870,
1552162886852,16,51500,4,2.336,5.306,0.314,5,2.613,6,3.640,7,3.661,9,2.870,
1552162886899,47,51547,4,2.336,5.306,0.314,5,2.613,6,3.640,7,3.661,9,2.870,
1552162886916,17,51564,4,2.336,5.306,0.314,5,2.613,6,3.642,7,3.653,9,2.870,
1552162886916,0,51564,4,2.336,5.306,0.314,5,2.613,6,3.642,7,3.653,9,2.870,
1552162886927,11,51575,4,2.336,5.306,0.314,5,2.609,6,3.642,7,3.653,9,2.870,
1552162887007,80,51655,4,2.347,5.306,0.315,5,2.609,6,3.642,7,3.653,9,2.870,
1552162887023,16,51671,4,2.347,5.306,0.315,5,2.609,6,3.642,7,3.653,9,2.879,
1552162887083,60,51731,4,2.347,5.306,0.315,5,2.609,6,3.642,7,3.653,9,2.879,
1552162887096,13,51744,4,2.347,5.306,0.315,5,2.607,6,3.655,7,3.640,9,2.879,
1552162887096,0,51744,4,2.347,5.306,0.315,5,2.607,6,3.655,7,3.640,9,2.879,
1552162887163,67,51811,4,2.348,5.305,0.316,5,2.607,6,3.655,7,3.640,9,2.879,
1552162887179,16,51827,4,2.348,5.305,0.316,5,2.607,6,3.655,7,3.640,9,2.893,
1552162887255,76,51903,4,2.348,5.305,0.316,5,2.607,6,3.655,7,3.640,9,2.893,
1552162887323,68,51971,4,2.339,5.303,0.314,5,2.599,6,3.662,7,3.630,9,2.893,
1552162887327,4,51975,4,2.339,5.303,0.314,5,2.599,6,3.662,7,3.630,9,2.893,
1552162887327,0,51975,4,2.339,5.303,0.314,5,2.599,6,3.662,7,3.630,9,2.893,
1552162887347,20,51995,4,2.339,5.303,0.314,5,2.599,6,3.662,7,3.630,9,2.908,
1552162887371,24,52019,4,2.339,5.303,0.314,5,2.599,6,3.662,7,3.630,9,2.908,
1552162887395,24,52043,4,2.339,5.303,0.314,5,2.599,6,3.662,7,3.630,9,2.908,
1552162887407,12,52055,4,2.339,5.303,0.314,5,2.599,6,3.676,7,3.622,9,2.908,
1552162887491,84,52139,4,2.324,5.302,0.313,5,2.599,6,3.676,7,3.622,9,2.908,
1552162887495,4,52143,4,2.324,5.302,0.313,5,2.599,6,3.676,7,3.622,9,2.908,
1552162887506,11,52154,4,2.324,5.302,0.313,5,2.592,6,3.676,7,3.622,9,2.921,
1552162887534,0,52182,4,2.324,5.302,0.313,5,2.592,6,3.676,7,3.622,9,2.921,
1552162887574,40,52222,4,2.324,5.302,0.313,5,2.592,6,3.676,7,3.622,9,2.921,
1552162887586,12,52234,4,2.324,5.302,0.313,5,2.592,6,3.686,7,3.613,9,2.921,
1552162887666,80,52314,4,2.308,5.300,0.310,5,2.592,6,3.686,7,3.613,9,2.921,
1552162887666,0,52314,4,2.308,5.300,0.310,5,2.592,6,3.686,7,3.613,9,2.921,
1552162887687,21,52335,4,2.308,5.300,0.310,5,2.580,6,3.686,7,3.613,9,2.938,
1552162887722,35,52370,4,2.308,5.300,0.310,5,2.580,6,3.686,7,3.613,9,2.938,
1552162887738,16,52386,4,2.308,5.300,0.310,5,2.580,6,3.697,7,3.613,9,2.938,
1552162887758,20,52406,4,2.308,5.300,0.310,5,2.580,6,3.697,7,3.613,9,2.938,
1552162887766,8,52414,4,2.308,5.300,0.310,5,2.575,6,3.697,7,3.599,9,2.938,
1552162887766,0,52414,4,2.308,5.300,0.310,5,2.575,6,3.697,7,3.599,9,2.938,
1552162887770,4,52418,4,2.308,5.300,0.310,5,2.575,6,3.697,7,3.599,9,2.938,
1552162887834,64,52482,4,2.292,5.298,0.306,5,2.575,6,3.697,7,3.599,9,2.938,
1552162887854,20,52502,4,2.292,5.298,0.306,5,2.575,6,3.697,7,3.599,9,2.954,
1552162887902,48,52550,4,2.292,5.298,0.306,5,2.575,6,3.697,7,3.599,9,2.954,
1552162887914,12,52562,4,2.292,5.298,0.306,5,2.575,6,3.707,7,3.586,9,2.954,
1552162887914,0,52562,4,2.292,5.298,0.306,5,2.575,6,3.707,7,3.586,9,2.954,
1552162888026,112,52674,4,2.275,5.296,0.304,5,2.575,6,3.707,7,3.586,9,2.954,
1552162888042,16,52690,4,2.275,5.296,0.304,5,2.568,6,3.707,7,3.586,9,2.967,
1552162888046,4,52694,4,2.275,5.296,0.304,5,2.568,6,3.707,7,3.586,9,2.967,
1552162888082,36,52730,4,2.275,5.296,0.304,5,2.568,6,3.707,7,3.586,9,2.967,
1552162888098,16,52746,4,2.275,5.296,0.304,5,2.568,6,3.718,7,3.573,9,2.967,
1552162888098,0,52746,4,2.275,5.296,0.304,5,2.568,6,3.718,7,3.573,9,2.967,
1552162888170,72,52818,4,2.257,5.293,0.303,5,2.568,6,3.718,7,3.573,9,2.967,
1552162888186,16,52834,4,2.257,5.293,0.303,5,2.553,6,3.718,7,3.573,9,2.981,
1552162888238,52,52886,4,2.257,5.293,0.303,5,2.553,6,3.718,7,3.573,9,2.981,
1552162888253,15,52901,4,2.257,5.293,0.303,5,2.553,6,3.730,7,3.560,9,2.981,
1552162888354,101,53002,4,2.239,5.290,0.301,5,2.553,6,3.730,7,3.560,9,2.981,
1552162888354,0,53002,4,2.239,5.290,0.301,5,2.553,6,3.730,7,3.560,9,2.981,
1552162888406,52,53054,4,2.239,5.290,0.301,5,2.546,6,3.730,7,3.560,9,3.001,
1552162888409,3,53057,4,2.239,5.290,0.301,5,2.546,6,3.733,7,3.560,9,3.001,
1552162888418,9,53066,4,2.239,5.290,0.301,5,2.546,6,3.733,7,3.560,9,3.001,
1552162888429,11,53077,4,2.239,5.290,0.301,5,2.546,6,3.733,7,3.540,9,3.001,
1552162888441,12,53089,4,2.239,5.290,0.301,5,2.539,6,3.733,7,3.540,9,3.001,
1552162888441,0,53089,4,2.239,5.290,0.301,5,2.539,6,3.733,7,3.540,9,3.001,
1552162888521,80,53169,4,2.221,5.284,0.301,5,2.539,6,3.733,7,3.540,9,3.001,
1552162888533,12,53181,4,2.221,5.284,0.301,5,2.539,6,3.733,7,3.540,9,3.020,
1552162888597,64,53245,4,2.221,5.284,0.301,5,2.539,6,3.733,7,3.540,9,3.020,
1552162888613,16,53261,4,2.221,5.284,0.301,5,2.520,6,3.742,7,3.531,9,3.020,
1552162888677,64,53325,4,2.204,5.277,0.297,5,2.520,6,3.742,7,3.531,9,3.020,
1552162888677,0,53325,4,2.204,5.277,0.297,5,2.520,6,3.742,7,3.531,9,3.020,
1552162888681,4,53329,4,2.204,5.277,0.297,5,2.520,6,3.742,7,3.531,9,3.037,
1552162888701,20,53349,4,2.204,5.277,0.297,5,2.520,6,3.742,7,3.531,9,3.037,
1552162888757,56,53405,4,2.204,5.277,0.297,5,2.520,6,3.742,7,3.531,9,3.037,
1552162888785,28,53433,4,2.204,5.277,0.297,5,2.510,6,3.748,7,3.516,9,3.037,
1552162888845,60,53493,4,2.187,5.268,0.293,5,2.510,6,3.748,7,3.516,9,3.037,
1552162888845,0,53493,4,2.187,5.268,0.293,5,2.510,6,3.748,7,3.516,9,3.037,
1552162888869,24,53517,4,2.187,5.268,0.293,5,2.510,6,3.748,7,3.516,9,3.057,
1552162888885,16,53533,4,2.187,5.268,0.293,5,2.510,6,3.748,7,3.516,9,3.057,
1552162888889,4,53537,4,2.187,5.268,0.293,5,2.510,6,3.748,7,3.516,9,3.057,
1552162888893,4,53541,4,2.187,5.268,0.293,5,2.510,6,3.748,7,3.516,9,3.057,
1552162888925,32,53573,4,2.187,5.268,0.293,5,2.510,6,3.748,7,3.516,9,3.057,
1552162888925,0,53573,4,2.187,5.268,0.293,5,2.510,6,3.748,7,3.516,9,3.057,
1552162888945,20,53593,4,2.187,5.268,0.293,5,2.497,6,3.762,7,3.498,9,3.057,
1552162889024,79,53672,4,2.169,5.258,0.289,5,2.497,6,3.762,7,3.498,9,3.057,
1552162889044,20,53692,4,2.169,5.258,0.289,5,2.497,6,3.762,7,3.498,9,3.080,
1552162889068,24,53716,4,2.169,5.258,0.289,5,2.497,6,3.762,7,3.498,9,3.080,
1552162889112,44,53760,4,2.169,5.258,0.289,5,2.497,6,3.762,7,3.498,9,3.080,
1552162889112,0,53760,4,2.169,5.258,0.289,5,2.497,6,3.762,7,3.498,9,3.080,
1552162889184,72,53832,4,2.152,5.250,0.283,5,2.492,6,3.769,7,3.487,9,3.096,
1552162889192,8,53840,4,2.152,5.250,0.283,5,2.492,6,3.769,7,3.487,9,3.096,
1552162889220,28,53868,4,2.152,5.250,0.283,5,2.492,6,3.769,7,3.487,9,3.096,
1552162889284,64,53932,4,2.152,5.250,0.283,5,2.492,6,3.769,7,3.487,9,3.096,
1552162889356,72,54004,4,2.059,5.337,0.329,5,2.478,6,3.786,7,3.468,9,3.120,
1552162889356,0,54004,4,2.059,5.337,0.329,5,2.478,6,3.786,7,3.468,9,3.120,
1552162889364,8,54012,4,2.059,5.337,0.329,5,2.478,6,3.786,7,3.468,9,3.120,
1552162889380,16,54028,4,2.059,5.337,0.329,5,2.478,6,3.786,7,3.468,9,3.120,
1552162889388,8,54036,4,2.059,5.337,0.329,5,2.478,6,3.786,7,3.468,9,3.120,
1552162889440,52,54088,4,2.059,5.337,0.329,5,2.478,6,3.786,7,3.468,9,3.120,
1552162889456,16,54104,4,2.059,5.337,0.329,5,2.457,6,3.780,7,3.445,9,3.120,
1552162889456,0,54104,4,2.059,5.337,0.329,5,2.457,6,3.780,7,3.445,9,3.120,
1552162889524,68,54172,4,1.962,5.425,0.379,5,2.457,6,3.780,7,3.445,9,3.120,
1552162889548,24,54196,4,1.962,5.425,0.379,5,2.457,6,3.780,7,3.445,9,3.142,
1552162889552,4,54200,4,1.962,5.425,0.379,5,2.457,6,3.780,7,3.445,9,3.142,
1552162889596,44,54244,4,1.962,5.425,0.379,5,2.457,6,3.780,7,3.445,9,3.142,
1552162889612,16,54260,4,1.962,5.425,0.379,5,2.457,6,3.805,7,3.437,9,3.142,
1552162889612,0,54260,4,1.962,5.425,0.379,5,2.457,6,3.805,7,3.437,9,3.142,
1552162889688,76,54336,4,1.868,5.513,0.427,5,2.457,6,3.805,7,3.437,9,3.142,
1552162889704,16,54352,4,1.868,5.513,0.427,5,2.459,6,3.805,7,3.437,9,3.159,
1552162889724,20,54372,4,1.868,5.513,0.427,5,2.459,6,3.805,7,3.437,9,3.159,
1552162889759,35,54407,4,1.868,5.513,0.427,5,2.459,6,3.805,7,3.437,9,3.159,
1552162889772,13,54420,4,1.868,5.513,0.427,5,2.459,6,3.820,7,3.407,9,3.159,
1552162889772,0,54420,4,1.868,5.513,0.427,5,2.459,6,3.820,7,3.407,9,3.159,
1552162889866,94,54514,4,1.763,5.497,0.608,5,2.459,6,3.820,7,3.407,9,3.159,
1552162889878,12,54526,4,1.763,5.497,0.608,5,2.453,6,3.820,7,3.407,9,3.182,
1552162889946,68,54594,4,1.763,5.497,0.608,5,2.453,6,3.820,7,3.407,9,3.182,
1552162889954,8,54602,4,1.763,5.497,0.608,5,2.453,6,3.827,7,3.391,9,3.182,
1552162889958,4,54606,4,1.763,5.497,0.608,5,2.448,6,3.827,7,3.391,9,3.182,
1552162889958,0,54606,4,1.763,5.497,0.608,5,2.448,6,3.827,7,3.391,9,3.182,
1552162889962,4,54610,4,1.763,5.497,0.608,5,2.448,6,3.827,7,3.391,9,3.182,
1552162889968,6,54616,4,1.763,5.497,0.608,5,2.448,6,3.827,7,3.391,9,3.182,
1552162890053,85,54701,4,1.732,5.385,0.742,5,2.448,6,3.827,7,3.391,9,3.182,
1552162890061,8,54709,4,1.732,5.385,0.742,5,2.448,6,3.827,7,3.391,9,3.199,
1552162890127,66,54775,4,1.732,5.385,0.742,5,2.448,6,3.827,7,3.391,9,3.199,
1552162890127,0,54775,4,1.732,5.385,0.742,5,2.448,6,3.827,7,3.391,9,3.199,
1552162890139,12,54787,4,1.732,5.385,0.742,5,2.441,6,3.834,7,3.373,9,3.199,
1552162890201,62,54849,4,1.703,5.270,0.878,5,2.441,6,3.834,7,3.373,9,3.199,
1552162890205,4,54853,4,1.703,5.270,0.878,5,2.441,6,3.834,7,3.373,9,3.227,
1552162890217,12,54865,4,1.703,5.270,0.878,5,2.441,6,3.834,7,3.373,9,3.227,
1552162890282,65,54930,4,1.703,5.270,0.878,5,2.441,6,3.834,7,3.373,9,3.227,
1552162890282,0,54930,4,1.703,5.270,0.878,5,2.441,6,3.834,7,3.373,9,3.227,
1552162890293,11,54941,4,1.703,5.270,0.878,5,2.429,6,3.857,7,3.355,9,3.227,
1552162890365,72,55013,4,1.670,5.156,1.013,5,2.429,6,3.857,7,3.355,9,3.227,
1552162890386,21,55034,4,1.670,5.156,1.013,5,2.429,6,3.857,7,3.355,9,3.250,
1552162890390,4,55038,4,1.670,5.156,1.013,5,2.429,6,3.857,7,3.355,9,3.250,
1552162890438,48,55086,4,1.670,5.156,1.013,5,2.429,6,3.857,7,3.355,9,3.250,
1552162890438,0,55086,4,1.670,5.156,1.013,5,2.429,6,3.857,7,3.355,9,3.250,
1552162890456,18,55104,4,1.670,5.156,1.013,5,2.429,6,3.879,7,3.350,9,3.250,
1552162890536,80,55184,4,1.656,5.252,0.877,5,2.429,6,3.879,7,3.350,9,3.250,
1552162890552,16,55200,4,1.656,5.252,0.877,5,2.420,6,3.879,7,3.350,9,3.277,
1552162890596,44,55244,4,1.656,5.252,0.877,5,2.420,6,3.879,7,3.350,9,3.277,
1552162890620,24,55268,4,1.656,5.252,0.877,5,2.420,6,3.897,7,3.350,9,3.277,
1552162890620,0,55268,4,1.656,5.252,0.877,5,2.420,6,3.897,7,3.350,9,3.277,
1552162890632,12,55280,4,1.656,5.252,0.877,5,2.420,6,3.897,7,3.317,9,3.277,
1552162890715,83,55363,4,1.629,5.243,0.878,5,2.420,6,3.897,7,3.317,9,3.277,
1552162890759,44,55407,4,1.629,5.243,0.878,5,2.410,6,3.897,7,3.317,9,3.310,
1552162890771,12,55419,4,1.629,5.243,0.878,5,2.410,6,3.897,7,3.317,9,3.310,
1552162890787,16,55435,4,1.629,5.243,0.878,5,2.410,6,3.924,7,3.317,9,3.310,
1552162890787,0,55435,4,1.629,5.243,0.878,5,2.410,6,3.924,7,3.317,9,3.310,
1552162890819,32,55467,4,1.629,5.243,0.878,5,2.410,6,3.924,7,3.317,9,3.310,
1552162890887,68,55535,4,1.609,5.343,0.733,5,2.397,6,3.924,7,3.310,9,3.310,
1552162890900,13,55548,4,1.609,5.343,0.733,5,2.397,6,3.924,7,3.310,9,3.345,
1552162890939,39,55587,4,1.609,5.343,0.733,5,2.397,6,3.924,7,3.310,9,3.345,
1552162890967,28,55615,4,1.609,5.343,0.733,5,2.397,6,3.948,7,3.289,9,3.345,
1552162890967,0,55615,4,1.609,5.343,0.733,5,2.397,6,3.948,7,3.289,9,3.345,
1552162891055,88,55703,4,1.585,5.440,0.588,5,2.397,6,3.948,7,3.289,9,3.345,
1552162891091,36,55739,4,1.585,5.440,0.588,5,2.385,6,3.948,7,3.289,9,3.386,
1552162891099,8,55747,4,1.585,5.440,0.588,5,2.385,6,3.948,7,3.289,9,3.386,
1552162891103,4,55751,4,1.585,5.440,0.588,5,2.385,6,3.948,7,3.289,9,3.386,
1552162891107,4,55755,4,1.585,5.440,0.588,5,2.385,6,3.948,7,3.289,9,3.386,
1552162891107,0,55755,4,1.585,5.440,0.588,5,2.385,6,3.948,7,3.289,9,3.386,
1552162891127,20,55775,4,1.585,5.440,0.588,5,2.385,6,3.948,7,3.289,9,3.386,
1552162891139,12,55787,4,1.585,5.440,0.588,5,2.385,6,3.971,7,3.258,9,3.386,
1552162891227,88,55875,4,1.570,5.415,0.608,5,2.385,6,3.971,7,3.258,9,3.386,
1552162891239,12,55887,4,1.570,5.415,0.608,5,2.376,6,3.971,7,3.258,9,3.413,
1552162891255,16,55903,4,1.570,5.415,0.608,5,2.376,6,3.971,7,3.258,9,3.413,
1552162891255,0,55903,4,1.570,5.415,0.608,5,2.376,6,3.971,7,3.258,9,3.413,
1552162891307,52,55955,4,1.570,5.415,0.608,5,2.376,6,3.971,7,3.258,9,3.413,
1552162891323,16,55971,4,1.570,5.415,0.608,5,2.367,6,3.972,7,3.249,9,3.413,
1552162891435,112,56083,4,1.549,5.512,0.465,5,2.367,6,3.972,7,3.249,9,3.413,
1552162891451,16,56099,4,1.549,5.512,0.465,5,2.367,6,3.972,7,3.249,9,3.435,
1552162891462,11,56110,4,1.549,5.512,0.465,5,2.367,6,3.993,7,3.249,9,3.435,
1552162891462,0,56110,4,1.549,5.512,0.465,5,2.367,6,3.993,7,3.249,9,3.435,
1552162891487,25,56135,4,1.549,5.512,0.465,5,2.367,6,3.993,7,3.249,9,3.435,
1552162891502,15,56150,4,1.549,5.512,0.465,5,2.359,6,3.993,7,3.241,9,3.435,
1552162891567,65,56215,4,1.521,5.506,0.462,5,2.359,6,3.993,7,3.241,9,3.435,
1552162891583,16,56231,4,1.521,5.506,0.462,5,2.359,6,3.993,7,3.241,9,3.454,
1552162891642,59,56290,4,1.521,5.506,0.462,5,2.359,6,3.993,7,3.241,9,3.454,
1552162891642,0,56290,4,1.521,5.506,0.462,5,2.359,6,3.993,7,3.241,9,3.454,
1552162891654,12,56302,4,1.521,5.506,0.462,5,2.359,6,3.989,7,3.233,9,3.454,
1552162891734,80,56382,4,1.501,5.501,0.464,5,2.359,6,3.989,7,3.233,9,3.454,
1552162891746,12,56394,4,1.501,5.501,0.464,5,2.354,6,3.989,7,3.233,9,3.457,
1552162891755,9,56403,4,1.501,5.501,0.464,5,2.354,6,3.989,7,3.233,9,3.457,
1552162891798,43,56446,4,1.501,5.501,0.464,5,2.354,6,3.989,7,3.233,9,3.457,
1552162891798,0,56446,4,1.501,5.501,0.464,5,2.354,6,3.989,7,3.233,9,3.457,
1552162891818,20,56466,4,1.501,5.501,0.464,5,2.354,6,3.998,7,3.226,9,3.457,
1552162891902,84,56550,4,1.468,5.514,0.440,5,2.354,6,3.998,7,3.226,9,3.457,
1552162891930,28,56578,4,1.468,5.514,0.440,5,2.351,6,3.998,7,3.226,9,3.462,
1552162891934,4,56582,4,1.468,5.514,0.440,5,2.351,6,3.998,7,3.226,9,3.462,
1552162891974,40,56622,4,1.468,5.514,0.440,5,2.351,6,3.998,7,3.226,9,3.462,
1552162891974,0,56622,4,1.468,5.514,0.440,5,2.351,6,3.998,7,3.226,9,3.462,
1552162891986,12,56634,4,1.468,5.514,0.440,5,2.351,6,4.015,7,3.211,9,3.462,
1552162892078,92,56726,4,1.455,5.510,0.440,5,2.351,6,4.015,7,3.211,9,3.462,
1552162892094,16,56742,4,1.455,5.510,0.440,5,2.347,6,4.015,7,3.211,9,3.492,
1552162892130,36,56778,4,1.455,5.510,0.440,5,2.347,6,4.015,7,3.211,9,3.492,
1552162892138,8,56786,4,1.455,5.510,0.440,5,2.347,6,4.026,7,3.211,9,3.492,
1552162892138,0,56786,4,1.455,5.510,0.440,5,2.347,6,4.026,7,3.211,9,3.492,
1552162892142,4,56790,4,1.455,5.510,0.440,5,2.347,6,4.026,7,3.211,9,3.492,
1552162892146,4,56794,4,1.455,5.510,0.440,5,2.347,6,4.026,7,3.211,9,3.492,
1552162892166,20,56814,4,1.455,5.510,0.440,5,2.347,6,4.026,7,3.195,9,3.492,
1552162892237,71,56885,4,1.442,5.503,0.442,5,2.347,6,4.026,7,3.195,9,3.492,
1552162892253,16,56901,4,1.442,5.503,0.442,5,2.343,6,4.026,7,3.195,9,3.509,
1552162892253,0,56901,4,1.442,5.503,0.442,5,2.343,6,4.026,7,3.195,9,3.509,
1552162892305,52,56953,4,1.442,5.503,0.442,5,2.343,6,4.026,7,3.195,9,3.509,
1552162892317,12,56965,4,1.442,5.503,0.442,5,2.343,6,4.039,7,3.188,9,3.509,
1552162892406,89,57054,4,1.442,5.503,0.442,5,2.343,6,4.039,7,3.188,9,3.509,
1552162892409,3,57057,4,1.425,5.496,0.441,5,2.343,6,4.039,7,3.188,9,3.509,
1552162892425,16,57073,4,1.425,5.496,0.441,5,2.337,6,4.039,7,3.188,9,3.529,
1552162892425,0,57073,4,1.425,5.496,0.441,5,2.337,6,4.039,7,3.188,9,3.529,
1552162892433,8,57081,4,1.425,5.496,0.441,5,2.337,6,4.039,7,3.188,9,3.529,
1552162892473,40,57121,4,1.425,5.496,0.441,5,2.337,6,4.039,7,3.188,9,3.529,
1552162892493,20,57141,4,1.425,5.496,0.441,5,2.337,6,4.064,7,3.163,9,3.529,
1552162892577,84,57225,4,1.403,5.486,0.440,5,2.337,6,4.064,7,3.163,9,3.529,
1552162892613,36,57261,4,1.403,5.486,0.440,5,2.326,6,4.064,7,3.163,9,3.565,
1552162892613,0,57261,4,1.403,5.486,0.440,5,2.326,6,4.064,7,3.163,9,3.565,
1552162892641,28,57289,4,1.403,5.486,0.440,5,2.326,6,4.064,7,3.163,9,3.565,
1552162892657,16,57305,4,1.403,5.486,0.440,5,2.326,6,4.092,7,3.144,9,3.565,
1552162892745,88,57393,4,1.453,5.378,0.369,5,2.326,6,4.092,7,3.144,9,3.565,
1552162892761,16,57409,4,1.453,5.378,0.369,5,2.315,6,4.092,7,3.144,9,3.602,
1552162892785,24,57433,4,1.453,5.378,0.369,5,2.315,6,4.092,7,3.144,9,3.602,
1552162892785,0,57433,4,1.453,5.378,0.369,5,2.315,6,4.092,7,3.144,9,3.602,
1552162892833,48,57481,4,1.453,5.378,0.369,5,2.315,6,4.092,7,3.144,9,3.602,
1552162892845,12,57493,4,1.453,5.378,0.369,5,2.311,6,4.118,7,3.121,9,3.602,
1552162892968,123,57616,4,1.442,5.351,0.372,5,2.311,6,4.118,7,3.121,9,3.602,
1552162892985,17,57633,4,1.442,5.351,0.372,5,2.311,6,4.129,7,3.121,9,3.640,
1552162893008,23,57656,4,1.442,5.351,0.372,5,2.311,6,4.129,7,3.121,9,3.640,
1552162893008,0,57656,4,1.442,5.351,0.372,5,2.311,6,4.129,7,3.121,9,3.640,
1552162893080,72,57728,4,1.434,5.318,0.377,5,2.311,6,4.129,7,3.100,9,3.640,
1552162893096,16,57744,4,1.434,5.318,0.377,5,2.305,6,4.129,7,3.100,9,3.663,
1552162893137,41,57785,4,1.434,5.318,0.377,5,2.305,6,4.129,7,3.100,9,3.663,
1552162893153,16,57801,4,1.434,5.318,0.377,5,2.305,6,4.130,7,3.100,9,3.663,
1552162893268,115,57916,4,1.434,5.285,0.382,5,2.305,6,4.130,7,3.100,9,3.663,
1552162893268,0,57916,4,1.434,5.285,0.382,5,2.305,6,4.130,7,3.100,9,3.663,
1552162893292,24,57940,4,1.434,5.285,0.382,5,2.302,6,4.130,7,3.090,9,3.677,
1552162893300,8,57948,4,1.434,5.285,0.382,5,2.302,6,4.130,7,3.090,9,3.677,
1552162893308,8,57956,4,1.434,5.285,0.382,5,2.302,6,4.130,7,3.090,9,3.677,
1552162893312,4,57960,4,1.434,5.285,0.382,5,2.302,6,4.130,7,3.090,9,3.677,
1552162893316,4,57964,4,1.434,5.285,0.382,5,2.302,6,5.310,7,3.090,9,3.677,
1552162893316,0,57964,4,1.434,5.285,0.382,5,2.302,6,5.310,7,3.090,9,3.677,
1552162893332,16,57980,4,1.434,5.285,0.382,5,2.302,6,5.310,7,3.074,9,3.677,
1552162893420,88,58068,4,1.330,5.377,0.449,5,2.302,6,5.310,7,3.074,9,3.677,
1552162893440,20,58088,4,1.330,5.377,0.449,5,2.297,6,5.310,7,3.074,9,3.698,
1552162893448,8,58096,4,1.330,5.377,0.449,5,2.297,6,5.310,7,3.074,9,3.698,
1552162893456,8,58104,4,1.330,5.377,0.449,5,2.297,6,5.310,7,3.074,9,3.698,
1552162893456,0,58104,4,1.330,5.377,0.449,5,2.297,6,5.310,7,3.074,9,3.698,
1552162893488,32,58136,4,1.330,5.377,0.449,5,2.297,6,5.310,7,3.074,9,3.698,
1552162893508,20,58156,4,1.330,5.377,0.449,5,2.297,6,4.158,7,3.061,9,3.698,
1552162893592,84,58240,4,1.288,5.389,0.442,5,2.297,6,4.158,7,3.061,9,3.698,
1552162893608,16,58256,4,1.288,5.389,0.442,5,2.295,6,4.158,7,3.061,9,3.725,